Using pre-set license
Built from '2020.3/release' branch; Version is '2020.3.12f1 (b3b2c6512326) revision 11776710'; Using compiler version '192528614'; Build Type 'Release'
OS: 'Windows 10 Pro; OS build 19043.1165; Version 2009; 64bit' Language: 'ja' Physical Memory: 4013 MB
BatchMode: 1, IsHumanControllingUs: 0, StartBugReporterOnCrash: 0, Is64bit: 1, IsPro: 0

 COMMAND LINE ARGUMENTS:
C:\Program Files\Unity\Hub\Editor\2020.3.12f1\Editor\Unity.exe
-adb2
-batchMode
-noUpm
-name
AssetImportWorker3
-projectPath
C:/Users/Owner/TowerDefense
-logFile
Logs/AssetImportWorker3.log
-srvPort
63374
Successfully changed project path to: C:/Users/Owner/TowerDefense
C:/Users/Owner/TowerDefense
Using Asset Import Pipeline V2.
Refreshing native plugins compatible for Editor in 155.84 ms, found 3 plugins.
Preloading 0 native plugins for Editor in 0.00 ms.
Initialize engine version: 2020.3.12f1 (b3b2c6512326)
[Subsystems] Discovering subsystems at path C:/Program Files/Unity/Hub/Editor/2020.3.12f1/Editor/Data/Resources/UnitySubsystems
[Subsystems] Discovering subsystems at path C:/Users/Owner/TowerDefense/Assets
GfxDevice: creating device client; threaded=0
Direct3D:
    Version:  Direct3D 11.0 [level 11.1]
    Renderer: Intel(R) HD Graphics 615 (ID=0x591e)
    Vendor:   
    VRAM:     2006 MB
    Driver:   27.20.100.8682
Initialize mono
Mono path[0] = 'C:/Program Files/Unity/Hub/Editor/2020.3.12f1/Editor/Data/Managed'
Mono path[1] = 'C:/Program Files/Unity/Hub/Editor/2020.3.12f1/Editor/Data/MonoBleedingEdge/lib/mono/unityjit'
Mono config path = 'C:/Program Files/Unity/Hub/Editor/2020.3.12f1/Editor/Data/MonoBleedingEdge/etc'
Using monoOptions --debugger-agent=transport=dt_socket,embedding=1,server=y,suspend=n,address=127.0.0.1:56368
Begin MonoManager ReloadAssembly
Registering precompiled unity dll's ...
Register platform support module: C:/Program Files/Unity/Hub/Editor/2020.3.12f1/Editor/Data/PlaybackEngines/WindowsStandaloneSupport/UnityEditor.WindowsStandalone.Extensions.dll
Registered in 0.005703 seconds.
Native extension for WindowsStandalone target not found
Refreshing native plugins compatible for Editor in 142.08 ms, found 3 plugins.
Preloading 0 native plugins for Editor in 0.00 ms.
Mono: successfully reloaded assembly
- Completed reload, in  7.614 seconds
Platform modules already initialized, skipping
Registering precompiled user dll's ...
Registered in 0.018921 seconds.
Begin MonoManager ReloadAssembly
Native extension for WindowsStandalone target not found
Refreshing native plugins compatible for Editor in 137.16 ms, found 3 plugins.
Preloading 0 native plugins for Editor in 0.00 ms.
Mono: successfully reloaded assembly
- Completed reload, in  8.217 seconds
Platform modules already initialized, skipping
========================================================================
Worker process is ready to serve import requests
Launched and connected shader compiler UnityShaderCompiler.exe after 0.26 seconds
Refreshing native plugins compatible for Editor in 1.74 ms, found 3 plugins.
Preloading 0 native plugins for Editor in 0.00 ms.
Unloading 2111 Unused Serialized files (Serialized files now loaded: 0)
System memory in use before: 96.9 MB.
System memory in use after: 96.8 MB.

Unloading 36 unused Assets to reduce memory usage. Loaded Objects now: 2551.
Total: 17.237100 ms (FindLiveObjects: 0.523600 ms CreateObjectMapping: 0.212800 ms MarkObjects: 15.162000 ms  DeleteObjects: 1.335100 ms)

AssetImportParameters requested are different than current active one (requested -> active):
  custom:framework-win-MediaFoundation: 216162199b28c13a410421893ffa2e32 -> 
  custom:video-decoder-ogg-theora: a1e56fd34408186e4bbccfd4996cb3dc -> 
  custom:container-muxer-webm: aa71ff27fc2769a1b78a27578f13a17b -> 
  custom:container-demuxer-webm: 4f35f7cbe854078d1ac9338744f61a02 -> 
  custom:container-demuxer-ogg: 62fdf1f143b41e24485cea50d1cbac27 -> 
  custom:video-encoder-webm-vp8: eb34c28f22e8b96e1ab97ce403110664 -> 
  custom:video-codec-MediaFoundation-h265: 746d11721c4dcdbdad8f713fa42b33f4 -> 
  custom:video-decoder-webm-vp8: 9c59270c3fd7afecdb556c50c9e8de78 -> 
  custom:audio-decoder-ogg-vorbis: bf7c407c2cedff20999df2af8eb42d56 -> 
  custom:audio-encoder-webm-vorbis: bf7c407c2cedff20999df2af8eb42d56 -> 
========================================================================
Received Import Request.
  path: Assets/Prefabs/PathTranSet(2).prefab
  artifactKey: Guid(48ccd2c0df9cf2e458e22fc0ad33320a) Importer(815301076,1909f56bfc062723c751e8b465ee728b)
Start importing Assets/Prefabs/PathTranSet(2).prefab using Guid(48ccd2c0df9cf2e458e22fc0ad33320a) Importer(815301076,1909f56bfc062723c751e8b465ee728b)  -> (artifact id: '331f1ef93496d6aa37504ef180b325c5') in 0.160174 seconds 
  Import took 0.172887 seconds .

========================================================================
Received Import Request.
  Time since last request: 48.048107 seconds.
  path: Assets/Prefabs/PathTranSet(3).prefab
  artifactKey: Guid(15554e49f538cdf41be3a82aa85f3810) Importer(815301076,1909f56bfc062723c751e8b465ee728b)
Start importing Assets/Prefabs/PathTranSet(3).prefab using Guid(15554e49f538cdf41be3a82aa85f3810) Importer(815301076,1909f56bfc062723c751e8b465ee728b)  -> (artifact id: 'fc38b848a445526cc407921562713972') in 0.023799 seconds 
  Import took 0.037819 seconds .

========================================================================
Received Import Request.
  Time since last request: 57.979694 seconds.
  path: Assets/Prefabs/PathTranSet(3).prefab
  artifactKey: Guid(15554e49f538cdf41be3a82aa85f3810) Importer(815301076,1909f56bfc062723c751e8b465ee728b)
Start importing Assets/Prefabs/PathTranSet(3).prefab using Guid(15554e49f538cdf41be3a82aa85f3810) Importer(815301076,1909f56bfc062723c751e8b465ee728b)  -> (artifact id: '428062f1ab29594a2a0251f0680879b2') in 0.019191 seconds 
  Import took 0.035023 seconds .

========================================================================
Received Import Request.
  Time since last request: 38.706345 seconds.
  path: Assets/Prefabs/PathTranSet(2).prefab
  artifactKey: Guid(48ccd2c0df9cf2e458e22fc0ad33320a) Importer(815301076,1909f56bfc062723c751e8b465ee728b)
Start importing Assets/Prefabs/PathTranSet(2).prefab using Guid(48ccd2c0df9cf2e458e22fc0ad33320a) Importer(815301076,1909f56bfc062723c751e8b465ee728b)  -> (artifact id: 'e2749b4e8afea6017c7d47a8d4305858') in 0.020187 seconds 
  Import took 0.044259 seconds .

========================================================================
Received Import Request.
  Time since last request: 3.999999 seconds.
  path: Assets/Prefabs/PathTranSet(2).prefab
  artifactKey: Guid(48ccd2c0df9cf2e458e22fc0ad33320a) Importer(815301076,1909f56bfc062723c751e8b465ee728b)
Start importing Assets/Prefabs/PathTranSet(2).prefab using Guid(48ccd2c0df9cf2e458e22fc0ad33320a) Importer(815301076,1909f56bfc062723c751e8b465ee728b)  -> (artifact id: 'c5a89cfc84ad07149a91b129f2f8f937') in 0.014462 seconds 
  Import took 0.028240 seconds .

========================================================================
Received Import Request.
  Time since last request: 3.704353 seconds.
  path: Assets/Prefabs/PathTranSet(2).prefab
  artifactKey: Guid(48ccd2c0df9cf2e458e22fc0ad33320a) Importer(815301076,1909f56bfc062723c751e8b465ee728b)
Start importing Assets/Prefabs/PathTranSet(2).prefab using Guid(48ccd2c0df9cf2e458e22fc0ad33320a) Importer(815301076,1909f56bfc062723c751e8b465ee728b)  -> (artifact id: '4cc75925f367bcf90582ce1f98d025be') in 0.015252 seconds 
  Import took 0.025166 seconds .

========================================================================
Received Import Request.
  Time since last request: 12.063867 seconds.
  path: Assets/Prefabs/PathTranSet(2).prefab
  artifactKey: Guid(48ccd2c0df9cf2e458e22fc0ad33320a) Importer(815301076,1909f56bfc062723c751e8b465ee728b)
Start importing Assets/Prefabs/PathTranSet(2).prefab using Guid(48ccd2c0df9cf2e458e22fc0ad33320a) Importer(815301076,1909f56bfc062723c751e8b465ee728b)  -> (artifact id: '0105bc05a2b17fee9af2bb0bbe8b4897') in 0.014184 seconds 
  Import took 0.026250 seconds .

========================================================================
Received Import Request.
  Time since last request: 2.491203 seconds.
  path: Assets/Prefabs/PathTranSet(2).prefab
  artifactKey: Guid(48ccd2c0df9cf2e458e22fc0ad33320a) Importer(815301076,1909f56bfc062723c751e8b465ee728b)
Start importing Assets/Prefabs/PathTranSet(2).prefab using Guid(48ccd2c0df9cf2e458e22fc0ad33320a) Importer(815301076,1909f56bfc062723c751e8b465ee728b)  -> (artifact id: 'fde3d9ec6ed84e2af1b97341bac7cd3d') in 0.017238 seconds 
  Import took 0.029288 seconds .

========================================================================
Received Import Request.
  Time since last request: 2.555762 seconds.
  path: Assets/Prefabs/PathTranSet(2).prefab
  artifactKey: Guid(48ccd2c0df9cf2e458e22fc0ad33320a) Importer(815301076,1909f56bfc062723c751e8b465ee728b)
Start importing Assets/Prefabs/PathTranSet(2).prefab using Guid(48ccd2c0df9cf2e458e22fc0ad33320a) Importer(815301076,1909f56bfc062723c751e8b465ee728b)  -> (artifact id: '457e854f210cef2af7fdc91ce4e1dfd8') in 0.021035 seconds 
  Import took 0.034707 seconds .

========================================================================
Received Import Request.
  Time since last request: 14.030399 seconds.
  path: Assets/Prefabs/PathTranSet(2).prefab
  artifactKey: Guid(48ccd2c0df9cf2e458e22fc0ad33320a) Importer(815301076,1909f56bfc062723c751e8b465ee728b)
Start importing Assets/Prefabs/PathTranSet(2).prefab using Guid(48ccd2c0df9cf2e458e22fc0ad33320a) Importer(815301076,1909f56bfc062723c751e8b465ee728b)  -> (artifact id: '9e6ab1955f1945b1948a43c85697fdbf') in 0.038222 seconds 
  Import took 0.054550 seconds .

========================================================================
Received Import Request.
  Time since last request: 78.567623 seconds.
  path: Assets/Scripts/EnemyGenerator.cs
  artifactKey: Guid(fc4c7562046eb354983e0cb0a258d781) Importer(815301076,1909f56bfc062723c751e8b465ee728b)
Start importing Assets/Scripts/EnemyGenerator.cs using Guid(fc4c7562046eb354983e0cb0a258d781) Importer(815301076,1909f56bfc062723c751e8b465ee728b)  -> (artifact id: '2a49d57b5b79e3b7059a876566eb570e') in 0.083148 seconds 
  Import took 0.104006 seconds .

========================================================================
Received Import Request.
  Time since last request: 311.306504 seconds.
  path: Assets/Scripts/EnemyGenerator.cs
  artifactKey: Guid(fc4c7562046eb354983e0cb0a258d781) Importer(815301076,1909f56bfc062723c751e8b465ee728b)
Start importing Assets/Scripts/EnemyGenerator.cs using Guid(fc4c7562046eb354983e0cb0a258d781) Importer(815301076,1909f56bfc062723c751e8b465ee728b)  -> (artifact id: '949c0c0e1a7545edd94b86b53a4f1920') in 0.017123 seconds 
  Import took 0.040296 seconds .

========================================================================
Received Import Request.
  Time since last request: 205.065873 seconds.
  path: Assets/Scripts/EnemyGenerator.cs
  artifactKey: Guid(fc4c7562046eb354983e0cb0a258d781) Importer(815301076,1909f56bfc062723c751e8b465ee728b)
Start importing Assets/Scripts/EnemyGenerator.cs using Guid(fc4c7562046eb354983e0cb0a258d781) Importer(815301076,1909f56bfc062723c751e8b465ee728b)  -> (artifact id: 'db10b12ecc32b8bcfe0820e3c45a5ddb') in 0.030626 seconds 
  Import took 0.050873 seconds .

========================================================================
Received Prepare
Registering precompiled user dll's ...
Registered in 0.052007 seconds.
Begin MonoManager ReloadAssembly
Native extension for WindowsStandalone target not found
Refreshing native plugins compatible for Editor in 1.02 ms, found 3 plugins.
Preloading 0 native plugins for Editor in 0.00 ms.
Mono: successfully reloaded assembly
- Completed reload, in  5.944 seconds
Platform modules already initialized, skipping
Refreshing native plugins compatible for Editor in 1.68 ms, found 3 plugins.
Preloading 0 native plugins for Editor in 0.00 ms.
Unloading 2104 Unused Serialized files (Serialized files now loaded: 0)
System memory in use before: 96.6 MB.
System memory in use after: 96.6 MB.

Unloading 24 unused Assets to reduce memory usage. Loaded Objects now: 2555.
Total: 23.583400 ms (FindLiveObjects: 0.989500 ms CreateObjectMapping: 0.338100 ms MarkObjects: 19.852600 ms  DeleteObjects: 2.399900 ms)

AssetImportParameters requested are different than current active one (requested -> active):
  custom:framework-win-MediaFoundation: 216162199b28c13a410421893ffa2e32 -> 
  custom:video-decoder-ogg-theora: a1e56fd34408186e4bbccfd4996cb3dc -> 
  custom:container-muxer-webm: aa71ff27fc2769a1b78a27578f13a17b -> 
  custom:container-demuxer-webm: 4f35f7cbe854078d1ac9338744f61a02 -> 
  custom:container-demuxer-ogg: 62fdf1f143b41e24485cea50d1cbac27 -> 
  custom:video-encoder-webm-vp8: eb34c28f22e8b96e1ab97ce403110664 -> 
  custom:video-codec-MediaFoundation-h265: 746d11721c4dcdbdad8f713fa42b33f4 -> 
  custom:video-decoder-webm-vp8: 9c59270c3fd7afecdb556c50c9e8de78 -> 
  custom:audio-decoder-ogg-vorbis: bf7c407c2cedff20999df2af8eb42d56 -> 
  custom:audio-encoder-webm-vorbis: bf7c407c2cedff20999df2af8eb42d56 -> 
========================================================================
Received Import Request.
  Time since last request: 111.746614 seconds.
  path: Assets/Prefabs/PathTranSet(1).prefab
  artifactKey: Guid(48ccd2c0df9cf2e458e22fc0ad33320a) Importer(815301076,1909f56bfc062723c751e8b465ee728b)
Start importing Assets/Prefabs/PathTranSet(1).prefab using Guid(48ccd2c0df9cf2e458e22fc0ad33320a) Importer(815301076,1909f56bfc062723c751e8b465ee728b)  -> (artifact id: '92d081b98084dc27f2ee3a6f83ffb6c5') in 0.121238 seconds 
  Import took 0.133491 seconds .

========================================================================
Received Import Request.
  Time since last request: 7.719904 seconds.
  path: Assets/Prefabs/PathTranSet(2).prefab
  artifactKey: Guid(15554e49f538cdf41be3a82aa85f3810) Importer(815301076,1909f56bfc062723c751e8b465ee728b)
Start importing Assets/Prefabs/PathTranSet(2).prefab using Guid(15554e49f538cdf41be3a82aa85f3810) Importer(815301076,1909f56bfc062723c751e8b465ee728b)  -> (artifact id: '1fc4b982c7cfc29d959a9c6b2b582cd3') in 0.038640 seconds 
  Import took 0.053347 seconds .

