Using pre-set license
Built from '2020.3/release' branch; Version is '2020.3.12f1 (b3b2c6512326) revision 11776710'; Using compiler version '192528614'; Build Type 'Release'
OS: 'Windows 10 Pro; OS build 19041.1110; Version 2004; 64bit' Language: 'ja' Physical Memory: 4013 MB
BatchMode: 1, IsHumanControllingUs: 0, StartBugReporterOnCrash: 0, Is64bit: 1, IsPro: 0

 COMMAND LINE ARGUMENTS:
C:\Program Files\Unity\Hub\Editor\2020.3.12f1\Editor\Unity.exe
-adb2
-batchMode
-noUpm
-name
AssetImportWorker4
-projectPath
C:/Users/Owner/TowerDefense
-logFile
Logs/AssetImportWorker4.log
-srvPort
49820
Successfully changed project path to: C:/Users/Owner/TowerDefense
C:/Users/Owner/TowerDefense
Using Asset Import Pipeline V2.
Refreshing native plugins compatible for Editor in 210.84 ms, found 3 plugins.
Preloading 0 native plugins for Editor in 0.00 ms.
Initialize engine version: 2020.3.12f1 (b3b2c6512326)
[Subsystems] Discovering subsystems at path C:/Program Files/Unity/Hub/Editor/2020.3.12f1/Editor/Data/Resources/UnitySubsystems
[Subsystems] Discovering subsystems at path C:/Users/Owner/TowerDefense/Assets
GfxDevice: creating device client; threaded=0
Direct3D:
    Version:  Direct3D 11.0 [level 11.1]
    Renderer: Intel(R) HD Graphics 615 (ID=0x591e)
    Vendor:   
    VRAM:     2006 MB
    Driver:   27.20.100.8682
Initialize mono
Mono path[0] = 'C:/Program Files/Unity/Hub/Editor/2020.3.12f1/Editor/Data/Managed'
Mono path[1] = 'C:/Program Files/Unity/Hub/Editor/2020.3.12f1/Editor/Data/MonoBleedingEdge/lib/mono/unityjit'
Mono config path = 'C:/Program Files/Unity/Hub/Editor/2020.3.12f1/Editor/Data/MonoBleedingEdge/etc'
Using monoOptions --debugger-agent=transport=dt_socket,embedding=1,server=y,suspend=n,address=127.0.0.1:56504
Begin MonoManager ReloadAssembly
Registering precompiled unity dll's ...
Register platform support module: C:/Program Files/Unity/Hub/Editor/2020.3.12f1/Editor/Data/PlaybackEngines/WindowsStandaloneSupport/UnityEditor.WindowsStandalone.Extensions.dll
Registered in 0.009615 seconds.
Native extension for WindowsStandalone target not found
Refreshing native plugins compatible for Editor in 219.67 ms, found 3 plugins.
Preloading 0 native plugins for Editor in 0.00 ms.
Mono: successfully reloaded assembly
- Completed reload, in 14.163 seconds
Platform modules already initialized, skipping
Registering precompiled user dll's ...
Registered in 0.055604 seconds.
Begin MonoManager ReloadAssembly
Native extension for WindowsStandalone target not found
Refreshing native plugins compatible for Editor in 204.60 ms, found 3 plugins.
Preloading 0 native plugins for Editor in 0.00 ms.
Mono: successfully reloaded assembly
- Completed reload, in  5.073 seconds
Platform modules already initialized, skipping
========================================================================
Worker process is ready to serve import requests
Launched and connected shader compiler UnityShaderCompiler.exe after 0.14 seconds
Refreshing native plugins compatible for Editor in 0.97 ms, found 3 plugins.
Preloading 0 native plugins for Editor in 0.00 ms.
Unloading 2106 Unused Serialized files (Serialized files now loaded: 0)
System memory in use before: 96.6 MB.
System memory in use after: 96.6 MB.

Unloading 36 unused Assets to reduce memory usage. Loaded Objects now: 2544.
Total: 16.147900 ms (FindLiveObjects: 0.576700 ms CreateObjectMapping: 0.306800 ms MarkObjects: 11.999300 ms  DeleteObjects: 3.262000 ms)

AssetImportParameters requested are different than current active one (requested -> active):
  custom:framework-win-MediaFoundation: 216162199b28c13a410421893ffa2e32 -> 
  custom:video-decoder-ogg-theora: a1e56fd34408186e4bbccfd4996cb3dc -> 
  custom:container-muxer-webm: aa71ff27fc2769a1b78a27578f13a17b -> 
  custom:container-demuxer-webm: 4f35f7cbe854078d1ac9338744f61a02 -> 
  custom:container-demuxer-ogg: 62fdf1f143b41e24485cea50d1cbac27 -> 
  custom:video-encoder-webm-vp8: eb34c28f22e8b96e1ab97ce403110664 -> 
  custom:video-codec-MediaFoundation-h265: 746d11721c4dcdbdad8f713fa42b33f4 -> 
  custom:video-decoder-webm-vp8: 9c59270c3fd7afecdb556c50c9e8de78 -> 
  custom:audio-decoder-ogg-vorbis: bf7c407c2cedff20999df2af8eb42d56 -> 
  custom:audio-encoder-webm-vorbis: bf7c407c2cedff20999df2af8eb42d56 -> 
========================================================================
Received Import Request.
  path: Assets/Scripts/CharaGenerator.cs
  artifactKey: Guid(f4c3aac09b3f95243ad61741c369e4b4) Importer(815301076,1909f56bfc062723c751e8b465ee728b)
Start importing Assets/Scripts/CharaGenerator.cs using Guid(f4c3aac09b3f95243ad61741c369e4b4) Importer(815301076,1909f56bfc062723c751e8b465ee728b)  -> (artifact id: 'e4c85315a89869afa72a0c551c606062') in 0.181038 seconds 
  Import took 0.199046 seconds .

========================================================================
Received Prepare
Registering precompiled user dll's ...
Registered in 0.029935 seconds.
Begin MonoManager ReloadAssembly
Native extension for WindowsStandalone target not found
Refreshing native plugins compatible for Editor in 0.84 ms, found 3 plugins.
Preloading 0 native plugins for Editor in 0.00 ms.
Mono: successfully reloaded assembly
- Completed reload, in  3.085 seconds
Platform modules already initialized, skipping
Refreshing native plugins compatible for Editor in 1.41 ms, found 3 plugins.
Preloading 0 native plugins for Editor in 0.00 ms.
Unloading 2099 Unused Serialized files (Serialized files now loaded: 0)
System memory in use before: 96.4 MB.
System memory in use after: 96.4 MB.

Unloading 24 unused Assets to reduce memory usage. Loaded Objects now: 2548.
Total: 13.607100 ms (FindLiveObjects: 1.144800 ms CreateObjectMapping: 0.209500 ms MarkObjects: 11.981400 ms  DeleteObjects: 0.269000 ms)

AssetImportParameters requested are different than current active one (requested -> active):
  custom:framework-win-MediaFoundation: 216162199b28c13a410421893ffa2e32 -> 
  custom:video-decoder-ogg-theora: a1e56fd34408186e4bbccfd4996cb3dc -> 
  custom:container-muxer-webm: aa71ff27fc2769a1b78a27578f13a17b -> 
  custom:container-demuxer-webm: 4f35f7cbe854078d1ac9338744f61a02 -> 
  custom:container-demuxer-ogg: 62fdf1f143b41e24485cea50d1cbac27 -> 
  custom:video-encoder-webm-vp8: eb34c28f22e8b96e1ab97ce403110664 -> 
  custom:video-codec-MediaFoundation-h265: 746d11721c4dcdbdad8f713fa42b33f4 -> 
  custom:video-decoder-webm-vp8: 9c59270c3fd7afecdb556c50c9e8de78 -> 
  custom:audio-decoder-ogg-vorbis: bf7c407c2cedff20999df2af8eb42d56 -> 
  custom:audio-encoder-webm-vorbis: bf7c407c2cedff20999df2af8eb42d56 -> 
========================================================================
Received Prepare
Registering precompiled user dll's ...
Registered in 0.048906 seconds.
Begin MonoManager ReloadAssembly
Native extension for WindowsStandalone target not found
Refreshing native plugins compatible for Editor in 0.89 ms, found 3 plugins.
Preloading 0 native plugins for Editor in 0.00 ms.
Mono: successfully reloaded assembly
- Completed reload, in  2.915 seconds
Platform modules already initialized, skipping
Refreshing native plugins compatible for Editor in 1.45 ms, found 3 plugins.
Preloading 0 native plugins for Editor in 0.00 ms.
Unloading 2099 Unused Serialized files (Serialized files now loaded: 0)
System memory in use before: 96.4 MB.
System memory in use after: 96.4 MB.

Unloading 24 unused Assets to reduce memory usage. Loaded Objects now: 2552.
Total: 9.110300 ms (FindLiveObjects: 0.785900 ms CreateObjectMapping: 0.187200 ms MarkObjects: 7.724800 ms  DeleteObjects: 0.409600 ms)

AssetImportParameters requested are different than current active one (requested -> active):
  custom:framework-win-MediaFoundation: 216162199b28c13a410421893ffa2e32 -> 
  custom:video-decoder-ogg-theora: a1e56fd34408186e4bbccfd4996cb3dc -> 
  custom:container-muxer-webm: aa71ff27fc2769a1b78a27578f13a17b -> 
  custom:container-demuxer-webm: 4f35f7cbe854078d1ac9338744f61a02 -> 
  custom:container-demuxer-ogg: 62fdf1f143b41e24485cea50d1cbac27 -> 
  custom:video-encoder-webm-vp8: eb34c28f22e8b96e1ab97ce403110664 -> 
  custom:video-codec-MediaFoundation-h265: 746d11721c4dcdbdad8f713fa42b33f4 -> 
  custom:video-decoder-webm-vp8: 9c59270c3fd7afecdb556c50c9e8de78 -> 
  custom:audio-decoder-ogg-vorbis: bf7c407c2cedff20999df2af8eb42d56 -> 
  custom:audio-encoder-webm-vorbis: bf7c407c2cedff20999df2af8eb42d56 -> 
========================================================================
Received Import Request.
  Time since last request: 704.716386 seconds.
  path: Assets/Scripts/SelectCharaButton.cs
  artifactKey: Guid(f3166b1965cf97b40b51db4e43d9d0ac) Importer(815301076,1909f56bfc062723c751e8b465ee728b)
Start importing Assets/Scripts/SelectCharaButton.cs using Guid(f3166b1965cf97b40b51db4e43d9d0ac) Importer(815301076,1909f56bfc062723c751e8b465ee728b)  -> (artifact id: '9e65c0f3d407ccb2b6d3b9fe4310c88a') in 0.086714 seconds 
  Import took 0.102526 seconds .

========================================================================
Received Prepare
Registering precompiled user dll's ...
Registered in 0.013890 seconds.
Begin MonoManager ReloadAssembly
Native extension for WindowsStandalone target not found
Refreshing native plugins compatible for Editor in 1.38 ms, found 3 plugins.
Preloading 0 native plugins for Editor in 0.00 ms.
Mono: successfully reloaded assembly
- Completed reload, in  4.050 seconds
Platform modules already initialized, skipping
Refreshing native plugins compatible for Editor in 1.33 ms, found 3 plugins.
Preloading 0 native plugins for Editor in 0.00 ms.
Unloading 2099 Unused Serialized files (Serialized files now loaded: 0)
System memory in use before: 96.5 MB.
System memory in use after: 96.5 MB.

Unloading 24 unused Assets to reduce memory usage. Loaded Objects now: 2556.
Total: 5.867400 ms (FindLiveObjects: 0.463000 ms CreateObjectMapping: 0.213200 ms MarkObjects: 4.951200 ms  DeleteObjects: 0.237200 ms)

AssetImportParameters requested are different than current active one (requested -> active):
  custom:framework-win-MediaFoundation: 216162199b28c13a410421893ffa2e32 -> 
  custom:video-decoder-ogg-theora: a1e56fd34408186e4bbccfd4996cb3dc -> 
  custom:container-muxer-webm: aa71ff27fc2769a1b78a27578f13a17b -> 
  custom:container-demuxer-webm: 4f35f7cbe854078d1ac9338744f61a02 -> 
  custom:container-demuxer-ogg: 62fdf1f143b41e24485cea50d1cbac27 -> 
  custom:video-encoder-webm-vp8: eb34c28f22e8b96e1ab97ce403110664 -> 
  custom:video-codec-MediaFoundation-h265: 746d11721c4dcdbdad8f713fa42b33f4 -> 
  custom:video-decoder-webm-vp8: 9c59270c3fd7afecdb556c50c9e8de78 -> 
  custom:audio-decoder-ogg-vorbis: bf7c407c2cedff20999df2af8eb42d56 -> 
  custom:audio-encoder-webm-vorbis: bf7c407c2cedff20999df2af8eb42d56 -> 
========================================================================
Received Prepare
Registering precompiled user dll's ...
Registered in 0.038904 seconds.
Begin MonoManager ReloadAssembly
Native extension for WindowsStandalone target not found
Refreshing native plugins compatible for Editor in 1.40 ms, found 3 plugins.
Preloading 0 native plugins for Editor in 0.00 ms.
Mono: successfully reloaded assembly
- Completed reload, in  2.700 seconds
Platform modules already initialized, skipping
Refreshing native plugins compatible for Editor in 0.80 ms, found 3 plugins.
Preloading 0 native plugins for Editor in 0.00 ms.
Unloading 2099 Unused Serialized files (Serialized files now loaded: 0)
System memory in use before: 96.5 MB.
System memory in use after: 96.5 MB.

Unloading 24 unused Assets to reduce memory usage. Loaded Objects now: 2560.
Total: 8.008300 ms (FindLiveObjects: 0.725600 ms CreateObjectMapping: 0.182200 ms MarkObjects: 6.219700 ms  DeleteObjects: 0.879000 ms)

AssetImportParameters requested are different than current active one (requested -> active):
  custom:framework-win-MediaFoundation: 216162199b28c13a410421893ffa2e32 -> 
  custom:video-decoder-ogg-theora: a1e56fd34408186e4bbccfd4996cb3dc -> 
  custom:container-muxer-webm: aa71ff27fc2769a1b78a27578f13a17b -> 
  custom:container-demuxer-webm: 4f35f7cbe854078d1ac9338744f61a02 -> 
  custom:container-demuxer-ogg: 62fdf1f143b41e24485cea50d1cbac27 -> 
  custom:video-encoder-webm-vp8: eb34c28f22e8b96e1ab97ce403110664 -> 
  custom:video-codec-MediaFoundation-h265: 746d11721c4dcdbdad8f713fa42b33f4 -> 
  custom:video-decoder-webm-vp8: 9c59270c3fd7afecdb556c50c9e8de78 -> 
  custom:audio-decoder-ogg-vorbis: bf7c407c2cedff20999df2af8eb42d56 -> 
  custom:audio-encoder-webm-vorbis: bf7c407c2cedff20999df2af8eb42d56 -> 
========================================================================
Received Prepare
Registering precompiled user dll's ...
Registered in 0.060969 seconds.
Begin MonoManager ReloadAssembly
Native extension for WindowsStandalone target not found
Refreshing native plugins compatible for Editor in 1.62 ms, found 3 plugins.
Preloading 0 native plugins for Editor in 0.00 ms.
Mono: successfully reloaded assembly
- Completed reload, in  4.985 seconds
Platform modules already initialized, skipping
Refreshing native plugins compatible for Editor in 24.42 ms, found 3 plugins.
Preloading 0 native plugins for Editor in 0.00 ms.
Unloading 2099 Unused Serialized files (Serialized files now loaded: 0)
System memory in use before: 96.5 MB.
System memory in use after: 96.5 MB.

Unloading 24 unused Assets to reduce memory usage. Loaded Objects now: 2564.
Total: 74.763000 ms (FindLiveObjects: 9.724900 ms CreateObjectMapping: 2.380600 ms MarkObjects: 55.089000 ms  DeleteObjects: 7.562800 ms)

AssetImportParameters requested are different than current active one (requested -> active):
  custom:framework-win-MediaFoundation: 216162199b28c13a410421893ffa2e32 -> 
  custom:video-decoder-ogg-theora: a1e56fd34408186e4bbccfd4996cb3dc -> 
  custom:container-muxer-webm: aa71ff27fc2769a1b78a27578f13a17b -> 
  custom:container-demuxer-webm: 4f35f7cbe854078d1ac9338744f61a02 -> 
  custom:container-demuxer-ogg: 62fdf1f143b41e24485cea50d1cbac27 -> 
  custom:video-encoder-webm-vp8: eb34c28f22e8b96e1ab97ce403110664 -> 
  custom:video-codec-MediaFoundation-h265: 746d11721c4dcdbdad8f713fa42b33f4 -> 
  custom:video-decoder-webm-vp8: 9c59270c3fd7afecdb556c50c9e8de78 -> 
  custom:audio-decoder-ogg-vorbis: bf7c407c2cedff20999df2af8eb42d56 -> 
  custom:audio-encoder-webm-vorbis: bf7c407c2cedff20999df2af8eb42d56 -> 
========================================================================
Received Prepare
Registering precompiled user dll's ...
Registered in 0.040203 seconds.
Begin MonoManager ReloadAssembly
Native extension for WindowsStandalone target not found
Refreshing native plugins compatible for Editor in 1.53 ms, found 3 plugins.
Preloading 0 native plugins for Editor in 0.00 ms.
Mono: successfully reloaded assembly
- Completed reload, in  4.206 seconds
Platform modules already initialized, skipping
Refreshing native plugins compatible for Editor in 1.40 ms, found 3 plugins.
Preloading 0 native plugins for Editor in 0.00 ms.
Unloading 2099 Unused Serialized files (Serialized files now loaded: 0)
System memory in use before: 96.5 MB.
System memory in use after: 96.5 MB.

Unloading 24 unused Assets to reduce memory usage. Loaded Objects now: 2568.
Total: 9.771300 ms (FindLiveObjects: 1.903900 ms CreateObjectMapping: 0.421800 ms MarkObjects: 7.181600 ms  DeleteObjects: 0.260500 ms)

AssetImportParameters requested are different than current active one (requested -> active):
  custom:framework-win-MediaFoundation: 216162199b28c13a410421893ffa2e32 -> 
  custom:video-decoder-ogg-theora: a1e56fd34408186e4bbccfd4996cb3dc -> 
  custom:container-muxer-webm: aa71ff27fc2769a1b78a27578f13a17b -> 
  custom:container-demuxer-webm: 4f35f7cbe854078d1ac9338744f61a02 -> 
  custom:container-demuxer-ogg: 62fdf1f143b41e24485cea50d1cbac27 -> 
  custom:video-encoder-webm-vp8: eb34c28f22e8b96e1ab97ce403110664 -> 
  custom:video-codec-MediaFoundation-h265: 746d11721c4dcdbdad8f713fa42b33f4 -> 
  custom:video-decoder-webm-vp8: 9c59270c3fd7afecdb556c50c9e8de78 -> 
  custom:audio-decoder-ogg-vorbis: bf7c407c2cedff20999df2af8eb42d56 -> 
  custom:audio-encoder-webm-vorbis: bf7c407c2cedff20999df2af8eb42d56 -> 
========================================================================
Received Prepare
Registering precompiled user dll's ...
Registered in 0.020163 seconds.
Begin MonoManager ReloadAssembly
Native extension for WindowsStandalone target not found
Refreshing native plugins compatible for Editor in 1.41 ms, found 3 plugins.
Preloading 0 native plugins for Editor in 0.00 ms.
Mono: successfully reloaded assembly
- Completed reload, in  3.419 seconds
Platform modules already initialized, skipping
Refreshing native plugins compatible for Editor in 1.37 ms, found 3 plugins.
Preloading 0 native plugins for Editor in 0.00 ms.
Unloading 2099 Unused Serialized files (Serialized files now loaded: 0)
System memory in use before: 96.5 MB.
System memory in use after: 96.5 MB.

Unloading 24 unused Assets to reduce memory usage. Loaded Objects now: 2572.
Total: 9.199700 ms (FindLiveObjects: 0.500900 ms CreateObjectMapping: 0.339600 ms MarkObjects: 8.057500 ms  DeleteObjects: 0.297800 ms)

AssetImportParameters requested are different than current active one (requested -> active):
  custom:framework-win-MediaFoundation: 216162199b28c13a410421893ffa2e32 -> 
  custom:video-decoder-ogg-theora: a1e56fd34408186e4bbccfd4996cb3dc -> 
  custom:container-muxer-webm: aa71ff27fc2769a1b78a27578f13a17b -> 
  custom:container-demuxer-webm: 4f35f7cbe854078d1ac9338744f61a02 -> 
  custom:container-demuxer-ogg: 62fdf1f143b41e24485cea50d1cbac27 -> 
  custom:video-encoder-webm-vp8: eb34c28f22e8b96e1ab97ce403110664 -> 
  custom:video-codec-MediaFoundation-h265: 746d11721c4dcdbdad8f713fa42b33f4 -> 
  custom:video-decoder-webm-vp8: 9c59270c3fd7afecdb556c50c9e8de78 -> 
  custom:audio-decoder-ogg-vorbis: bf7c407c2cedff20999df2af8eb42d56 -> 
  custom:audio-encoder-webm-vorbis: bf7c407c2cedff20999df2af8eb42d56 -> 
========================================================================
Received Import Request.
  Time since last request: 356.705082 seconds.
  path: Assets/Prefabs/Chara0.prefab
  artifactKey: Guid(4de57f956fa4ab14d9942b5376414e9b) Importer(815301076,1909f56bfc062723c751e8b465ee728b)
Start importing Assets/Prefabs/Chara0.prefab using Guid(4de57f956fa4ab14d9942b5376414e9b) Importer(815301076,1909f56bfc062723c751e8b465ee728b)  -> (artifact id: 'd6bd06a1059670ebd54981c965350a32') in 0.459277 seconds 
  Import took 0.482732 seconds .

========================================================================
Received Import Request.
  Time since last request: 0.041621 seconds.
  path: Assets/Prefabs/Chara0.prefab
  artifactKey: Guid(4de57f956fa4ab14d9942b5376414e9b) Importer(815301076,1909f56bfc062723c751e8b465ee728b)
Start importing Assets/Prefabs/Chara0.prefab using Guid(4de57f956fa4ab14d9942b5376414e9b) Importer(815301076,1909f56bfc062723c751e8b465ee728b)  -> (artifact id: 'd6bd06a1059670ebd54981c965350a32') in 0.099041 seconds 
  Import took 0.113301 seconds .

========================================================================
Received Prepare
Registering precompiled user dll's ...
Registered in 0.034441 seconds.
Begin MonoManager ReloadAssembly
Native extension for WindowsStandalone target not found
Refreshing native plugins compatible for Editor in 1.90 ms, found 3 plugins.
Preloading 0 native plugins for Editor in 0.00 ms.
Mono: successfully reloaded assembly
- Completed reload, in  3.852 seconds
Platform modules already initialized, skipping
Refreshing native plugins compatible for Editor in 1.69 ms, found 3 plugins.
Preloading 0 native plugins for Editor in 0.00 ms.
Unloading 2099 Unused Serialized files (Serialized files now loaded: 0)
System memory in use before: 99.5 MB.
System memory in use after: 99.5 MB.

Unloading 24 unused Assets to reduce memory usage. Loaded Objects now: 2583.
Total: 8.746100 ms (FindLiveObjects: 0.558500 ms CreateObjectMapping: 0.229500 ms MarkObjects: 6.753900 ms  DeleteObjects: 1.201600 ms)

AssetImportParameters requested are different than current active one (requested -> active):
  custom:framework-win-MediaFoundation: 216162199b28c13a410421893ffa2e32 -> 
  custom:video-decoder-ogg-theora: a1e56fd34408186e4bbccfd4996cb3dc -> 
  custom:container-muxer-webm: aa71ff27fc2769a1b78a27578f13a17b -> 
  custom:container-demuxer-webm: 4f35f7cbe854078d1ac9338744f61a02 -> 
  custom:container-demuxer-ogg: 62fdf1f143b41e24485cea50d1cbac27 -> 
  custom:video-encoder-webm-vp8: eb34c28f22e8b96e1ab97ce403110664 -> 
  custom:video-codec-MediaFoundation-h265: 746d11721c4dcdbdad8f713fa42b33f4 -> 
  custom:video-decoder-webm-vp8: 9c59270c3fd7afecdb556c50c9e8de78 -> 
  custom:audio-decoder-ogg-vorbis: bf7c407c2cedff20999df2af8eb42d56 -> 
  custom:audio-encoder-webm-vorbis: bf7c407c2cedff20999df2af8eb42d56 -> 
========================================================================
Received Prepare
Registering precompiled user dll's ...
Registered in 0.023767 seconds.
Begin MonoManager ReloadAssembly
Native extension for WindowsStandalone target not found
Refreshing native plugins compatible for Editor in 1.93 ms, found 3 plugins.
Preloading 0 native plugins for Editor in 0.00 ms.
Mono: successfully reloaded assembly
- Completed reload, in  4.575 seconds
Platform modules already initialized, skipping
Refreshing native plugins compatible for Editor in 1.05 ms, found 3 plugins.
Preloading 0 native plugins for Editor in 0.00 ms.
Unloading 2099 Unused Serialized files (Serialized files now loaded: 0)
System memory in use before: 99.5 MB.
System memory in use after: 99.5 MB.

Unloading 24 unused Assets to reduce memory usage. Loaded Objects now: 2587.
Total: 7.367900 ms (FindLiveObjects: 0.522700 ms CreateObjectMapping: 0.193400 ms MarkObjects: 6.316400 ms  DeleteObjects: 0.332600 ms)

AssetImportParameters requested are different than current active one (requested -> active):
  custom:framework-win-MediaFoundation: 216162199b28c13a410421893ffa2e32 -> 
  custom:video-decoder-ogg-theora: a1e56fd34408186e4bbccfd4996cb3dc -> 
  custom:container-muxer-webm: aa71ff27fc2769a1b78a27578f13a17b -> 
  custom:container-demuxer-webm: 4f35f7cbe854078d1ac9338744f61a02 -> 
  custom:container-demuxer-ogg: 62fdf1f143b41e24485cea50d1cbac27 -> 
  custom:video-encoder-webm-vp8: eb34c28f22e8b96e1ab97ce403110664 -> 
  custom:video-codec-MediaFoundation-h265: 746d11721c4dcdbdad8f713fa42b33f4 -> 
  custom:video-decoder-webm-vp8: 9c59270c3fd7afecdb556c50c9e8de78 -> 
  custom:audio-decoder-ogg-vorbis: bf7c407c2cedff20999df2af8eb42d56 -> 
  custom:audio-encoder-webm-vorbis: bf7c407c2cedff20999df2af8eb42d56 -> 
========================================================================
Received Prepare
Registering precompiled user dll's ...
Registered in 0.020152 seconds.
Begin MonoManager ReloadAssembly
Native extension for WindowsStandalone target not found
Refreshing native plugins compatible for Editor in 1.13 ms, found 3 plugins.
Preloading 0 native plugins for Editor in 0.00 ms.
Mono: successfully reloaded assembly
- Completed reload, in  4.041 seconds
Platform modules already initialized, skipping
Refreshing native plugins compatible for Editor in 1.51 ms, found 3 plugins.
Preloading 0 native plugins for Editor in 0.00 ms.
Unloading 2099 Unused Serialized files (Serialized files now loaded: 0)
System memory in use before: 99.6 MB.
System memory in use after: 99.5 MB.

Unloading 24 unused Assets to reduce memory usage. Loaded Objects now: 2591.
Total: 7.286500 ms (FindLiveObjects: 0.364500 ms CreateObjectMapping: 0.229000 ms MarkObjects: 6.366500 ms  DeleteObjects: 0.324100 ms)

AssetImportParameters requested are different than current active one (requested -> active):
  custom:framework-win-MediaFoundation: 216162199b28c13a410421893ffa2e32 -> 
  custom:video-decoder-ogg-theora: a1e56fd34408186e4bbccfd4996cb3dc -> 
  custom:container-muxer-webm: aa71ff27fc2769a1b78a27578f13a17b -> 
  custom:container-demuxer-webm: 4f35f7cbe854078d1ac9338744f61a02 -> 
  custom:container-demuxer-ogg: 62fdf1f143b41e24485cea50d1cbac27 -> 
  custom:video-encoder-webm-vp8: eb34c28f22e8b96e1ab97ce403110664 -> 
  custom:video-codec-MediaFoundation-h265: 746d11721c4dcdbdad8f713fa42b33f4 -> 
  custom:video-decoder-webm-vp8: 9c59270c3fd7afecdb556c50c9e8de78 -> 
  custom:audio-decoder-ogg-vorbis: bf7c407c2cedff20999df2af8eb42d56 -> 
  custom:audio-encoder-webm-vorbis: bf7c407c2cedff20999df2af8eb42d56 -> 
========================================================================
Received Prepare
Registering precompiled user dll's ...
Registered in 0.019840 seconds.
Begin MonoManager ReloadAssembly
Native extension for WindowsStandalone target not found
Refreshing native plugins compatible for Editor in 1.74 ms, found 3 plugins.
Preloading 0 native plugins for Editor in 0.00 ms.
Mono: successfully reloaded assembly
- Completed reload, in  3.897 seconds
Platform modules already initialized, skipping
Refreshing native plugins compatible for Editor in 1.68 ms, found 3 plugins.
Preloading 0 native plugins for Editor in 0.00 ms.
Unloading 2099 Unused Serialized files (Serialized files now loaded: 0)
System memory in use before: 99.6 MB.
System memory in use after: 99.5 MB.

Unloading 24 unused Assets to reduce memory usage. Loaded Objects now: 2595.
Total: 5.913100 ms (FindLiveObjects: 0.481700 ms CreateObjectMapping: 0.341800 ms MarkObjects: 4.771000 ms  DeleteObjects: 0.316500 ms)

AssetImportParameters requested are different than current active one (requested -> active):
  custom:framework-win-MediaFoundation: 216162199b28c13a410421893ffa2e32 -> 
  custom:video-decoder-ogg-theora: a1e56fd34408186e4bbccfd4996cb3dc -> 
  custom:container-muxer-webm: aa71ff27fc2769a1b78a27578f13a17b -> 
  custom:container-demuxer-webm: 4f35f7cbe854078d1ac9338744f61a02 -> 
  custom:container-demuxer-ogg: 62fdf1f143b41e24485cea50d1cbac27 -> 
  custom:video-encoder-webm-vp8: eb34c28f22e8b96e1ab97ce403110664 -> 
  custom:video-codec-MediaFoundation-h265: 746d11721c4dcdbdad8f713fa42b33f4 -> 
  custom:video-decoder-webm-vp8: 9c59270c3fd7afecdb556c50c9e8de78 -> 
  custom:audio-decoder-ogg-vorbis: bf7c407c2cedff20999df2af8eb42d56 -> 
  custom:audio-encoder-webm-vorbis: bf7c407c2cedff20999df2af8eb42d56 -> 
========================================================================
Received Prepare
Registering precompiled user dll's ...
Registered in 0.017425 seconds.
Begin MonoManager ReloadAssembly
Native extension for WindowsStandalone target not found
Refreshing native plugins compatible for Editor in 1.72 ms, found 3 plugins.
Preloading 0 native plugins for Editor in 0.00 ms.
Mono: successfully reloaded assembly
- Completed reload, in  3.606 seconds
Platform modules already initialized, skipping
Refreshing native plugins compatible for Editor in 1.68 ms, found 3 plugins.
Preloading 0 native plugins for Editor in 0.00 ms.
Unloading 2099 Unused Serialized files (Serialized files now loaded: 0)
System memory in use before: 99.6 MB.
System memory in use after: 99.6 MB.

Unloading 24 unused Assets to reduce memory usage. Loaded Objects now: 2599.
Total: 7.141000 ms (FindLiveObjects: 0.525500 ms CreateObjectMapping: 0.221000 ms MarkObjects: 6.068100 ms  DeleteObjects: 0.324200 ms)

AssetImportParameters requested are different than current active one (requested -> active):
  custom:framework-win-MediaFoundation: 216162199b28c13a410421893ffa2e32 -> 
  custom:video-decoder-ogg-theora: a1e56fd34408186e4bbccfd4996cb3dc -> 
  custom:container-muxer-webm: aa71ff27fc2769a1b78a27578f13a17b -> 
  custom:container-demuxer-webm: 4f35f7cbe854078d1ac9338744f61a02 -> 
  custom:container-demuxer-ogg: 62fdf1f143b41e24485cea50d1cbac27 -> 
  custom:video-encoder-webm-vp8: eb34c28f22e8b96e1ab97ce403110664 -> 
  custom:video-codec-MediaFoundation-h265: 746d11721c4dcdbdad8f713fa42b33f4 -> 
  custom:video-decoder-webm-vp8: 9c59270c3fd7afecdb556c50c9e8de78 -> 
  custom:audio-decoder-ogg-vorbis: bf7c407c2cedff20999df2af8eb42d56 -> 
  custom:audio-encoder-webm-vorbis: bf7c407c2cedff20999df2af8eb42d56 -> 
========================================================================
Received Prepare
Registering precompiled user dll's ...
Registered in 0.063612 seconds.
Begin MonoManager ReloadAssembly
Native extension for WindowsStandalone target not found
Refreshing native plugins compatible for Editor in 1.07 ms, found 3 plugins.
Preloading 0 native plugins for Editor in 0.00 ms.
Mono: successfully reloaded assembly
- Completed reload, in  4.610 seconds
Platform modules already initialized, skipping
Refreshing native plugins compatible for Editor in 2.51 ms, found 3 plugins.
Preloading 0 native plugins for Editor in 0.00 ms.
Unloading 2099 Unused Serialized files (Serialized files now loaded: 0)
System memory in use before: 99.6 MB.
System memory in use after: 99.6 MB.

Unloading 24 unused Assets to reduce memory usage. Loaded Objects now: 2603.
Total: 13.038800 ms (FindLiveObjects: 1.936100 ms CreateObjectMapping: 0.835900 ms MarkObjects: 10.003700 ms  DeleteObjects: 0.258400 ms)

AssetImportParameters requested are different than current active one (requested -> active):
  custom:framework-win-MediaFoundation: 216162199b28c13a410421893ffa2e32 -> 
  custom:video-decoder-ogg-theora: a1e56fd34408186e4bbccfd4996cb3dc -> 
  custom:container-muxer-webm: aa71ff27fc2769a1b78a27578f13a17b -> 
  custom:container-demuxer-webm: 4f35f7cbe854078d1ac9338744f61a02 -> 
  custom:container-demuxer-ogg: 62fdf1f143b41e24485cea50d1cbac27 -> 
  custom:video-encoder-webm-vp8: eb34c28f22e8b96e1ab97ce403110664 -> 
  custom:video-codec-MediaFoundation-h265: 746d11721c4dcdbdad8f713fa42b33f4 -> 
  custom:video-decoder-webm-vp8: 9c59270c3fd7afecdb556c50c9e8de78 -> 
  custom:audio-decoder-ogg-vorbis: bf7c407c2cedff20999df2af8eb42d56 -> 
  custom:audio-encoder-webm-vorbis: bf7c407c2cedff20999df2af8eb42d56 -> 
========================================================================
Received Prepare
Registering precompiled user dll's ...
Registered in 0.012733 seconds.
Begin MonoManager ReloadAssembly
Native extension for WindowsStandalone target not found
Refreshing native plugins compatible for Editor in 1.83 ms, found 3 plugins.
Preloading 0 native plugins for Editor in 0.00 ms.
Mono: successfully reloaded assembly
- Completed reload, in  4.077 seconds
Platform modules already initialized, skipping
Refreshing native plugins compatible for Editor in 1.72 ms, found 3 plugins.
Preloading 0 native plugins for Editor in 0.00 ms.
Unloading 2099 Unused Serialized files (Serialized files now loaded: 0)
System memory in use before: 99.6 MB.
System memory in use after: 99.6 MB.

Unloading 24 unused Assets to reduce memory usage. Loaded Objects now: 2607.
Total: 6.225500 ms (FindLiveObjects: 0.603600 ms CreateObjectMapping: 0.251400 ms MarkObjects: 5.129500 ms  DeleteObjects: 0.238700 ms)

AssetImportParameters requested are different than current active one (requested -> active):
  custom:framework-win-MediaFoundation: 216162199b28c13a410421893ffa2e32 -> 
  custom:video-decoder-ogg-theora: a1e56fd34408186e4bbccfd4996cb3dc -> 
  custom:container-muxer-webm: aa71ff27fc2769a1b78a27578f13a17b -> 
  custom:container-demuxer-webm: 4f35f7cbe854078d1ac9338744f61a02 -> 
  custom:container-demuxer-ogg: 62fdf1f143b41e24485cea50d1cbac27 -> 
  custom:video-encoder-webm-vp8: eb34c28f22e8b96e1ab97ce403110664 -> 
  custom:video-codec-MediaFoundation-h265: 746d11721c4dcdbdad8f713fa42b33f4 -> 
  custom:video-decoder-webm-vp8: 9c59270c3fd7afecdb556c50c9e8de78 -> 
  custom:audio-decoder-ogg-vorbis: bf7c407c2cedff20999df2af8eb42d56 -> 
  custom:audio-encoder-webm-vorbis: bf7c407c2cedff20999df2af8eb42d56 -> 
========================================================================
Received Prepare
Registering precompiled user dll's ...
Registered in 0.017671 seconds.
Begin MonoManager ReloadAssembly
Native extension for WindowsStandalone target not found
Refreshing native plugins compatible for Editor in 1.26 ms, found 3 plugins.
Preloading 0 native plugins for Editor in 0.00 ms.
Mono: successfully reloaded assembly
- Completed reload, in  4.212 seconds
Platform modules already initialized, skipping
Refreshing native plugins compatible for Editor in 0.84 ms, found 3 plugins.
Preloading 0 native plugins for Editor in 0.00 ms.
Unloading 2099 Unused Serialized files (Serialized files now loaded: 0)
System memory in use before: 99.6 MB.
System memory in use after: 99.6 MB.

Unloading 24 unused Assets to reduce memory usage. Loaded Objects now: 2611.
Total: 7.368400 ms (FindLiveObjects: 0.416800 ms CreateObjectMapping: 0.265700 ms MarkObjects: 6.064200 ms  DeleteObjects: 0.619000 ms)

AssetImportParameters requested are different than current active one (requested -> active):
  custom:framework-win-MediaFoundation: 216162199b28c13a410421893ffa2e32 -> 
  custom:video-decoder-ogg-theora: a1e56fd34408186e4bbccfd4996cb3dc -> 
  custom:container-muxer-webm: aa71ff27fc2769a1b78a27578f13a17b -> 
  custom:container-demuxer-webm: 4f35f7cbe854078d1ac9338744f61a02 -> 
  custom:container-demuxer-ogg: 62fdf1f143b41e24485cea50d1cbac27 -> 
  custom:video-encoder-webm-vp8: eb34c28f22e8b96e1ab97ce403110664 -> 
  custom:video-codec-MediaFoundation-h265: 746d11721c4dcdbdad8f713fa42b33f4 -> 
  custom:video-decoder-webm-vp8: 9c59270c3fd7afecdb556c50c9e8de78 -> 
  custom:audio-decoder-ogg-vorbis: bf7c407c2cedff20999df2af8eb42d56 -> 
  custom:audio-encoder-webm-vorbis: bf7c407c2cedff20999df2af8eb42d56 -> 
========================================================================
Received Import Request.
  Time since last request: 1815.923339 seconds.
  path: Assets/Scripts/CharaGenerator.cs
  artifactKey: Guid(f4c3aac09b3f95243ad61741c369e4b4) Importer(815301076,1909f56bfc062723c751e8b465ee728b)
Start importing Assets/Scripts/CharaGenerator.cs using Guid(f4c3aac09b3f95243ad61741c369e4b4) Importer(815301076,1909f56bfc062723c751e8b465ee728b)  -> (artifact id: 'f3846b444cbde1ba72a01f7366d449dd') in 0.025576 seconds 
  Import took 0.039199 seconds .

========================================================================
Received Import Request.
  Time since last request: 1.062075 seconds.
  path: Assets/Scripts/SelectCharaButton.cs
  artifactKey: Guid(f3166b1965cf97b40b51db4e43d9d0ac) Importer(815301076,1909f56bfc062723c751e8b465ee728b)
Start importing Assets/Scripts/SelectCharaButton.cs using Guid(f3166b1965cf97b40b51db4e43d9d0ac) Importer(815301076,1909f56bfc062723c751e8b465ee728b)  -> (artifact id: '895239e84c611900d032321cfd57ed66') in 0.067221 seconds 
  Import took 0.084831 seconds .

========================================================================
Received Import Request.
  Time since last request: 0.020871 seconds.
  path: Assets/Scripts/SelectCharaButton.cs
  artifactKey: Guid(f3166b1965cf97b40b51db4e43d9d0ac) Importer(815301076,1909f56bfc062723c751e8b465ee728b)
Start importing Assets/Scripts/SelectCharaButton.cs using Guid(f3166b1965cf97b40b51db4e43d9d0ac) Importer(815301076,1909f56bfc062723c751e8b465ee728b)  -> (artifact id: '895239e84c611900d032321cfd57ed66') in 0.049420 seconds 
  Import took 0.060624 seconds .

========================================================================
Received Import Request.
  Time since last request: 1.925989 seconds.
  path: Assets/Scripts/SelectCharaManager.cs
  artifactKey: Guid(cb0cccdc3333ad34090ab5467bbdd11b) Importer(815301076,1909f56bfc062723c751e8b465ee728b)
Start importing Assets/Scripts/SelectCharaManager.cs using Guid(cb0cccdc3333ad34090ab5467bbdd11b) Importer(815301076,1909f56bfc062723c751e8b465ee728b)  -> (artifact id: '2d9d3b34320c59469c8c99dc3f4deca6') in 0.068345 seconds 
  Import took 0.082173 seconds .

========================================================================
Received Import Request.
  Time since last request: 0.003587 seconds.
  path: Assets/Scripts/SelectCharaManager.cs
  artifactKey: Guid(cb0cccdc3333ad34090ab5467bbdd11b) Importer(815301076,1909f56bfc062723c751e8b465ee728b)
Start importing Assets/Scripts/SelectCharaManager.cs using Guid(cb0cccdc3333ad34090ab5467bbdd11b) Importer(815301076,1909f56bfc062723c751e8b465ee728b)  -> (artifact id: '2d9d3b34320c59469c8c99dc3f4deca6') in 0.034821 seconds 
  Import took 0.048145 seconds .

========================================================================
Received Prepare
Registering precompiled user dll's ...
Registered in 0.033240 seconds.
Begin MonoManager ReloadAssembly
Native extension for WindowsStandalone target not found
Refreshing native plugins compatible for Editor in 1.25 ms, found 3 plugins.
Preloading 0 native plugins for Editor in 0.00 ms.
Mono: successfully reloaded assembly
- Completed reload, in  3.738 seconds
Platform modules already initialized, skipping
Refreshing native plugins compatible for Editor in 0.96 ms, found 3 plugins.
Preloading 0 native plugins for Editor in 0.00 ms.
Unloading 2098 Unused Serialized files (Serialized files now loaded: 0)
System memory in use before: 99.6 MB.
System memory in use after: 99.6 MB.

Unloading 25 unused Assets to reduce memory usage. Loaded Objects now: 2614.
Total: 6.775400 ms (FindLiveObjects: 0.556100 ms CreateObjectMapping: 0.229000 ms MarkObjects: 5.615200 ms  DeleteObjects: 0.371600 ms)

AssetImportParameters requested are different than current active one (requested -> active):
  custom:framework-win-MediaFoundation: 216162199b28c13a410421893ffa2e32 -> 
  custom:video-decoder-ogg-theora: a1e56fd34408186e4bbccfd4996cb3dc -> 
  custom:container-muxer-webm: aa71ff27fc2769a1b78a27578f13a17b -> 
  custom:container-demuxer-webm: 4f35f7cbe854078d1ac9338744f61a02 -> 
  custom:container-demuxer-ogg: 62fdf1f143b41e24485cea50d1cbac27 -> 
  custom:video-encoder-webm-vp8: eb34c28f22e8b96e1ab97ce403110664 -> 
  custom:video-codec-MediaFoundation-h265: 746d11721c4dcdbdad8f713fa42b33f4 -> 
  custom:video-decoder-webm-vp8: 9c59270c3fd7afecdb556c50c9e8de78 -> 
  custom:audio-decoder-ogg-vorbis: bf7c407c2cedff20999df2af8eb42d56 -> 
  custom:audio-encoder-webm-vorbis: bf7c407c2cedff20999df2af8eb42d56 -> 
========================================================================
Received Prepare
Registering precompiled user dll's ...
Registered in 0.041979 seconds.
Begin MonoManager ReloadAssembly
Native extension for WindowsStandalone target not found
Refreshing native plugins compatible for Editor in 1.60 ms, found 3 plugins.
Preloading 0 native plugins for Editor in 0.00 ms.
Mono: successfully reloaded assembly
- Completed reload, in  8.713 seconds
Platform modules already initialized, skipping
Refreshing native plugins compatible for Editor in 1.51 ms, found 3 plugins.
Preloading 0 native plugins for Editor in 0.00 ms.
Unloading 2098 Unused Serialized files (Serialized files now loaded: 0)
System memory in use before: 99.6 MB.
System memory in use after: 99.6 MB.

Unloading 24 unused Assets to reduce memory usage. Loaded Objects now: 2618.
Total: 42.695400 ms (FindLiveObjects: 8.184300 ms CreateObjectMapping: 0.715700 ms MarkObjects: 28.821700 ms  DeleteObjects: 4.969200 ms)

AssetImportParameters requested are different than current active one (requested -> active):
  custom:framework-win-MediaFoundation: 216162199b28c13a410421893ffa2e32 -> 
  custom:video-decoder-ogg-theora: a1e56fd34408186e4bbccfd4996cb3dc -> 
  custom:container-muxer-webm: aa71ff27fc2769a1b78a27578f13a17b -> 
  custom:container-demuxer-webm: 4f35f7cbe854078d1ac9338744f61a02 -> 
  custom:container-demuxer-ogg: 62fdf1f143b41e24485cea50d1cbac27 -> 
  custom:video-encoder-webm-vp8: eb34c28f22e8b96e1ab97ce403110664 -> 
  custom:video-codec-MediaFoundation-h265: 746d11721c4dcdbdad8f713fa42b33f4 -> 
  custom:video-decoder-webm-vp8: 9c59270c3fd7afecdb556c50c9e8de78 -> 
  custom:audio-decoder-ogg-vorbis: bf7c407c2cedff20999df2af8eb42d56 -> 
  custom:audio-encoder-webm-vorbis: bf7c407c2cedff20999df2af8eb42d56 -> 
========================================================================
Received Import Request.
  Time since last request: 1161.352385 seconds.
  path: Assets/Textures/Charas/pipo-charachip021d_0.controller
  artifactKey: Guid(925d0b8eb0dad954a994dc335628adde) Importer(815301076,1909f56bfc062723c751e8b465ee728b)
Start importing Assets/Textures/Charas/pipo-charachip021d_0.controller using Guid(925d0b8eb0dad954a994dc335628adde) Importer(815301076,1909f56bfc062723c751e8b465ee728b)  -> (artifact id: 'e6b73ed42547dfc52f544c6378d82fb4') in 0.636984 seconds 
  Import took 1.023500 seconds .

========================================================================
Received Import Request.
  Time since last request: 87.664822 seconds.
  path: Assets/Textures/Charas/pipo-charachip019d.png
  artifactKey: Guid(112a769423c2597488241dcfd5f7b958) Importer(815301076,1909f56bfc062723c751e8b465ee728b)
Start importing Assets/Textures/Charas/pipo-charachip019d.png using Guid(112a769423c2597488241dcfd5f7b958) Importer(815301076,1909f56bfc062723c751e8b465ee728b)  -> (artifact id: '85e73ca3c4f8ff123bdc8650a0158ef4') in 0.878564 seconds 
  Import took 0.918214 seconds .

========================================================================
Received Import Request.
  Time since last request: 23.859375 seconds.
  path: Assets/Textures/Charas/pipo-charachip019d.png
  artifactKey: Guid(112a769423c2597488241dcfd5f7b958) Importer(815301076,1909f56bfc062723c751e8b465ee728b)
Start importing Assets/Textures/Charas/pipo-charachip019d.png using Guid(112a769423c2597488241dcfd5f7b958) Importer(815301076,1909f56bfc062723c751e8b465ee728b)  -> (artifact id: '6b40c5cf48a5a160f6822e8cd5cd6237') in 0.126371 seconds 
  Import took 0.144163 seconds .

========================================================================
Received Import Request.
  Time since last request: 0.002452 seconds.
  path: Assets/Textures/Charas/pipo-charachip019d.png
  artifactKey: Guid(112a769423c2597488241dcfd5f7b958) Importer(815301076,1909f56bfc062723c751e8b465ee728b)
Start importing Assets/Textures/Charas/pipo-charachip019d.png using Guid(112a769423c2597488241dcfd5f7b958) Importer(815301076,1909f56bfc062723c751e8b465ee728b)  -> (artifact id: '6b40c5cf48a5a160f6822e8cd5cd6237') in 0.045969 seconds 
  Import took 0.056374 seconds .

========================================================================
Received Import Request.
  Time since last request: 16.823776 seconds.
  path: Assets/Textures/Charas/pipo-charachip019d.png
  artifactKey: Guid(112a769423c2597488241dcfd5f7b958) Importer(815301076,1909f56bfc062723c751e8b465ee728b)
Start importing Assets/Textures/Charas/pipo-charachip019d.png using Guid(112a769423c2597488241dcfd5f7b958) Importer(815301076,1909f56bfc062723c751e8b465ee728b)  -> (artifact id: 'c74e3b42b797fdfeaec193a8b3621e65') in 0.149302 seconds 
  Import took 0.163476 seconds .

========================================================================
Received Import Request.
  Time since last request: 46.625386 seconds.
  path: Assets/Textures/Charas/Animations/Chara0.anim
  artifactKey: Guid(a5475c5ba0861854fb1eddc28fea2b92) Importer(815301076,1909f56bfc062723c751e8b465ee728b)
Start importing Assets/Textures/Charas/Animations/Chara0.anim using Guid(a5475c5ba0861854fb1eddc28fea2b92) Importer(815301076,1909f56bfc062723c751e8b465ee728b)  -> (artifact id: 'b24aefc722ae0c071858b9f0611a3b9d') in 0.067435 seconds 
  Import took 0.084737 seconds .

========================================================================
Received Import Request.
  Time since last request: 4.048324 seconds.
  path: Assets/Textures/Charas/Animations/Chara1.anim
  artifactKey: Guid(d155c520e19b6fb4e8d351503cbe4f30) Importer(815301076,1909f56bfc062723c751e8b465ee728b)
Start importing Assets/Textures/Charas/Animations/Chara1.anim using Guid(d155c520e19b6fb4e8d351503cbe4f30) Importer(815301076,1909f56bfc062723c751e8b465ee728b)  -> (artifact id: 'a88b8ee195dc3ef1f13830436b86a57b') in 0.041681 seconds 
  Import took 0.056469 seconds .

========================================================================
Received Import Request.
  Time since last request: 26.280413 seconds.
  path: Assets/Textures/Charas/Animations/Enemy0.anim
  artifactKey: Guid(550ac4b2ad1e9674a8ab0091308016d0) Importer(815301076,1909f56bfc062723c751e8b465ee728b)
Start importing Assets/Textures/Charas/Animations/Enemy0.anim using Guid(550ac4b2ad1e9674a8ab0091308016d0) Importer(815301076,1909f56bfc062723c751e8b465ee728b)  -> (artifact id: 'f815733939fe4ae3f26e05f9ce397647') in 0.058625 seconds 
  Import took 0.079794 seconds .

========================================================================
Received Import Request.
  Time since last request: 0.010901 seconds.
  path: Assets/Textures/Charas/Animations/Enemy0.anim
  artifactKey: Guid(550ac4b2ad1e9674a8ab0091308016d0) Importer(815301076,1909f56bfc062723c751e8b465ee728b)
Start importing Assets/Textures/Charas/Animations/Enemy0.anim using Guid(550ac4b2ad1e9674a8ab0091308016d0) Importer(815301076,1909f56bfc062723c751e8b465ee728b)  -> (artifact id: 'f815733939fe4ae3f26e05f9ce397647') in 0.039541 seconds 
  Import took 0.063845 seconds .

========================================================================
Received Prepare
Registering precompiled user dll's ...
Registered in 0.040588 seconds.
Begin MonoManager ReloadAssembly
Native extension for WindowsStandalone target not found
Refreshing native plugins compatible for Editor in 0.96 ms, found 3 plugins.
Preloading 0 native plugins for Editor in 0.00 ms.
Mono: successfully reloaded assembly
- Completed reload, in  6.867 seconds
Platform modules already initialized, skipping
Refreshing native plugins compatible for Editor in 2.46 ms, found 3 plugins.
Preloading 0 native plugins for Editor in 0.00 ms.
Unloading 2098 Unused Serialized files (Serialized files now loaded: 0)
System memory in use before: 99.6 MB.
System memory in use after: 99.6 MB.

Unloading 24 unused Assets to reduce memory usage. Loaded Objects now: 2628.
Total: 12.309500 ms (FindLiveObjects: 3.539000 ms CreateObjectMapping: 0.423000 ms MarkObjects: 7.872400 ms  DeleteObjects: 0.470900 ms)

AssetImportParameters requested are different than current active one (requested -> active):
  custom:framework-win-MediaFoundation: 216162199b28c13a410421893ffa2e32 -> 
  custom:video-decoder-ogg-theora: a1e56fd34408186e4bbccfd4996cb3dc -> 
  custom:container-muxer-webm: aa71ff27fc2769a1b78a27578f13a17b -> 
  custom:container-demuxer-webm: 4f35f7cbe854078d1ac9338744f61a02 -> 
  custom:container-demuxer-ogg: 62fdf1f143b41e24485cea50d1cbac27 -> 
  custom:video-encoder-webm-vp8: eb34c28f22e8b96e1ab97ce403110664 -> 
  custom:video-codec-MediaFoundation-h265: 746d11721c4dcdbdad8f713fa42b33f4 -> 
  custom:video-decoder-webm-vp8: 9c59270c3fd7afecdb556c50c9e8de78 -> 
  custom:audio-decoder-ogg-vorbis: bf7c407c2cedff20999df2af8eb42d56 -> 
  custom:audio-encoder-webm-vorbis: bf7c407c2cedff20999df2af8eb42d56 -> 
========================================================================
Received Import Request.
  Time since last request: 23.200559 seconds.
  path: Assets/Textures/Charas/Animations/Enemy0.anim
  artifactKey: Guid(550ac4b2ad1e9674a8ab0091308016d0) Importer(815301076,1909f56bfc062723c751e8b465ee728b)
Start importing Assets/Textures/Charas/Animations/Enemy0.anim using Guid(550ac4b2ad1e9674a8ab0091308016d0) Importer(815301076,1909f56bfc062723c751e8b465ee728b)  -> (artifact id: '8e662a223f2bd59ce8fd13e7365aacad') in 0.047793 seconds 
  Import took 0.064880 seconds .

========================================================================
Received Import Request.
  Time since last request: 57.515925 seconds.
  path: Assets/Enemy0.prefab
  artifactKey: Guid(6cd55a7318a17e641a546614e058ab3b) Importer(815301076,1909f56bfc062723c751e8b465ee728b)
Start importing Assets/Enemy0.prefab using Guid(6cd55a7318a17e641a546614e058ab3b) Importer(815301076,1909f56bfc062723c751e8b465ee728b)  -> (artifact id: '73f5f68cb02059e47f57f988dd3d469f') in 0.225739 seconds 
  Import took 0.236204 seconds .

========================================================================
Received Import Request.
  Time since last request: 18.750590 seconds.
  path: Assets/JMO Assets/Cartoon FX/CFX2 Prefabs/Skull & Ghosts Effects/CFX2_EnemyDeathSkull.prefab
  artifactKey: Guid(7867af58a6ec48846ae807eb4022fbaa) Importer(815301076,1909f56bfc062723c751e8b465ee728b)
Start importing Assets/JMO Assets/Cartoon FX/CFX2 Prefabs/Skull & Ghosts Effects/CFX2_EnemyDeathSkull.prefab using Guid(7867af58a6ec48846ae807eb4022fbaa) Importer(815301076,1909f56bfc062723c751e8b465ee728b)  -> (artifact id: '5c0d6d6366de7054692c54f852f82f2b') in 0.115369 seconds 
  Import took 0.133199 seconds .

========================================================================
Received Import Request.
  Time since last request: 103.379675 seconds.
  path: Assets/Textures/Charas/Animations/pipo-charachip019d_0.controller
  artifactKey: Guid(93b5f261032006f4591ed01f56da0823) Importer(815301076,1909f56bfc062723c751e8b465ee728b)
Start importing Assets/Textures/Charas/Animations/pipo-charachip019d_0.controller using Guid(93b5f261032006f4591ed01f56da0823) Importer(815301076,1909f56bfc062723c751e8b465ee728b)  -> (artifact id: '3626feacdc8f51e549ce92d8b5b1596e') in 0.082225 seconds 
  Import took 0.106160 seconds .

========================================================================
Received Import Request.
  Time since last request: 0.032047 seconds.
  path: Assets/Textures/Charas/Animations/pipo-charachip019d_0.controller
  artifactKey: Guid(93b5f261032006f4591ed01f56da0823) Importer(815301076,1909f56bfc062723c751e8b465ee728b)
Start importing Assets/Textures/Charas/Animations/pipo-charachip019d_0.controller using Guid(93b5f261032006f4591ed01f56da0823) Importer(815301076,1909f56bfc062723c751e8b465ee728b)  -> (artifact id: '3626feacdc8f51e549ce92d8b5b1596e') in 0.034787 seconds 
  Import took 0.057279 seconds .

========================================================================
Received Import Request.
  Time since last request: 36.336352 seconds.
  path: Assets/Textures/Charas/Animations/Enemy0_front.anim
  artifactKey: Guid(550ac4b2ad1e9674a8ab0091308016d0) Importer(815301076,1909f56bfc062723c751e8b465ee728b)
Start importing Assets/Textures/Charas/Animations/Enemy0_front.anim using Guid(550ac4b2ad1e9674a8ab0091308016d0) Importer(815301076,1909f56bfc062723c751e8b465ee728b)  -> (artifact id: '80db3f6daa65d14bb6a26ace369875be') in 0.068055 seconds 
  Import took 0.087992 seconds .

========================================================================
Received Import Request.
  Time since last request: 11.728082 seconds.
  path: Assets/Textures/Charas/Animations/Chara0_front.anim
  artifactKey: Guid(a5475c5ba0861854fb1eddc28fea2b92) Importer(815301076,1909f56bfc062723c751e8b465ee728b)
Start importing Assets/Textures/Charas/Animations/Chara0_front.anim using Guid(a5475c5ba0861854fb1eddc28fea2b92) Importer(815301076,1909f56bfc062723c751e8b465ee728b)  -> (artifact id: '6ed4d8d98b242d537c13d30c09e371df') in 0.053821 seconds 
  Import took 0.081947 seconds .

========================================================================
Received Import Request.
  Time since last request: 7.109905 seconds.
  path: Assets/Textures/Charas/Animations/Chara1_front.anim
  artifactKey: Guid(d155c520e19b6fb4e8d351503cbe4f30) Importer(815301076,1909f56bfc062723c751e8b465ee728b)
Start importing Assets/Textures/Charas/Animations/Chara1_front.anim using Guid(d155c520e19b6fb4e8d351503cbe4f30) Importer(815301076,1909f56bfc062723c751e8b465ee728b)  -> (artifact id: 'db3e08dad6cef5bcae01506dceec3be1') in 0.048595 seconds 
  Import took 0.063645 seconds .

