Using pre-set license
Built from '2020.3/release' branch; Version is '2020.3.12f1 (b3b2c6512326) revision 11776710'; Using compiler version '192528614'; Build Type 'Release'
OS: 'Windows 10 Pro; OS build 19043.1237; Version 2009; 64bit' Language: 'ja' Physical Memory: 4013 MB
BatchMode: 1, IsHumanControllingUs: 0, StartBugReporterOnCrash: 0, Is64bit: 1, IsPro: 0

 COMMAND LINE ARGUMENTS:
C:\Program Files\Unity\Hub\Editor\2020.3.12f1\Editor\Unity.exe
-adb2
-batchMode
-noUpm
-name
AssetImportWorker6
-projectPath
C:/Users/Owner/TowerDefense
-logFile
Logs/AssetImportWorker6.log
-srvPort
49747
Successfully changed project path to: C:/Users/Owner/TowerDefense
C:/Users/Owner/TowerDefense
Using Asset Import Pipeline V2.
Refreshing native plugins compatible for Editor in 316.04 ms, found 3 plugins.
Preloading 0 native plugins for Editor in 0.00 ms.
Initialize engine version: 2020.3.12f1 (b3b2c6512326)
[Subsystems] Discovering subsystems at path C:/Program Files/Unity/Hub/Editor/2020.3.12f1/Editor/Data/Resources/UnitySubsystems
[Subsystems] Discovering subsystems at path C:/Users/Owner/TowerDefense/Assets
GfxDevice: creating device client; threaded=0
Direct3D:
    Version:  Direct3D 11.0 [level 11.1]
    Renderer: Intel(R) HD Graphics 615 (ID=0x591e)
    Vendor:   
    VRAM:     2006 MB
    Driver:   27.20.100.8682
Initialize mono
Mono path[0] = 'C:/Program Files/Unity/Hub/Editor/2020.3.12f1/Editor/Data/Managed'
Mono path[1] = 'C:/Program Files/Unity/Hub/Editor/2020.3.12f1/Editor/Data/MonoBleedingEdge/lib/mono/unityjit'
Mono config path = 'C:/Program Files/Unity/Hub/Editor/2020.3.12f1/Editor/Data/MonoBleedingEdge/etc'
Using monoOptions --debugger-agent=transport=dt_socket,embedding=1,server=y,suspend=n,address=127.0.0.1:56420
Begin MonoManager ReloadAssembly
Registering precompiled unity dll's ...
Register platform support module: C:/Program Files/Unity/Hub/Editor/2020.3.12f1/Editor/Data/PlaybackEngines/WindowsStandaloneSupport/UnityEditor.WindowsStandalone.Extensions.dll
Registered in 0.008620 seconds.
Native extension for WindowsStandalone target not found
Refreshing native plugins compatible for Editor in 287.34 ms, found 3 plugins.
Preloading 0 native plugins for Editor in 0.00 ms.
Mono: successfully reloaded assembly
- Completed reload, in 11.057 seconds
Platform modules already initialized, skipping
Registering precompiled user dll's ...
Registered in 0.047610 seconds.
Begin MonoManager ReloadAssembly
Native extension for WindowsStandalone target not found
Refreshing native plugins compatible for Editor in 168.65 ms, found 3 plugins.
Preloading 0 native plugins for Editor in 0.00 ms.
Mono: successfully reloaded assembly
- Completed reload, in  4.994 seconds
Platform modules already initialized, skipping
========================================================================
Worker process is ready to serve import requests
Launched and connected shader compiler UnityShaderCompiler.exe after 0.27 seconds
Refreshing native plugins compatible for Editor in 1.11 ms, found 3 plugins.
Preloading 0 native plugins for Editor in 0.00 ms.
Unloading 2257 Unused Serialized files (Serialized files now loaded: 0)
System memory in use before: 106.2 MB.
System memory in use after: 106.2 MB.

Unloading 36 unused Assets to reduce memory usage. Loaded Objects now: 2700.
Total: 16.506200 ms (FindLiveObjects: 1.225900 ms CreateObjectMapping: 2.382400 ms MarkObjects: 11.837800 ms  DeleteObjects: 1.055900 ms)

AssetImportParameters requested are different than current active one (requested -> active):
  custom:framework-win-MediaFoundation: 216162199b28c13a410421893ffa2e32 -> 
  custom:video-decoder-ogg-theora: a1e56fd34408186e4bbccfd4996cb3dc -> 
  custom:container-muxer-webm: aa71ff27fc2769a1b78a27578f13a17b -> 
  custom:container-demuxer-webm: 4f35f7cbe854078d1ac9338744f61a02 -> 
  custom:container-demuxer-ogg: 62fdf1f143b41e24485cea50d1cbac27 -> 
  custom:video-encoder-webm-vp8: eb34c28f22e8b96e1ab97ce403110664 -> 
  custom:video-codec-MediaFoundation-h265: 746d11721c4dcdbdad8f713fa42b33f4 -> 
  custom:video-decoder-webm-vp8: 9c59270c3fd7afecdb556c50c9e8de78 -> 
  custom:audio-decoder-ogg-vorbis: bf7c407c2cedff20999df2af8eb42d56 -> 
  custom:audio-encoder-webm-vorbis: bf7c407c2cedff20999df2af8eb42d56 -> 
========================================================================
Received Import Request.
  path: Assets/Scripts/SceneStateManager.cs
  artifactKey: Guid(14055599f37227d41a156ddddefe051c) Importer(815301076,1909f56bfc062723c751e8b465ee728b)
Start importing Assets/Scripts/SceneStateManager.cs using Guid(14055599f37227d41a156ddddefe051c) Importer(815301076,1909f56bfc062723c751e8b465ee728b)  -> (artifact id: 'bc579c09d29b7670f43a3642ddbd4c8b') in 0.126430 seconds 
  Import took 0.136925 seconds .

========================================================================
Received Import Request.
  Time since last request: 129.308113 seconds.
  path: Assets/Scripts/SceneStateManager.cs
  artifactKey: Guid(14055599f37227d41a156ddddefe051c) Importer(815301076,1909f56bfc062723c751e8b465ee728b)
Start importing Assets/Scripts/SceneStateManager.cs using Guid(14055599f37227d41a156ddddefe051c) Importer(815301076,1909f56bfc062723c751e8b465ee728b)  -> (artifact id: '07c3d1462f7d06711d5c0a885b46df5b') in 0.018853 seconds 
  Import took 0.033879 seconds .

========================================================================
Received Import Request.
  Time since last request: 0.076843 seconds.
  path: Assets/Scripts/SceneStateManager.cs
  artifactKey: Guid(14055599f37227d41a156ddddefe051c) Importer(815301076,1909f56bfc062723c751e8b465ee728b)
Start importing Assets/Scripts/SceneStateManager.cs using Guid(14055599f37227d41a156ddddefe051c) Importer(815301076,1909f56bfc062723c751e8b465ee728b)  -> (artifact id: '07c3d1462f7d06711d5c0a885b46df5b') in 0.013137 seconds 
  Import took 0.029193 seconds .

========================================================================
Received Import Request.
  Time since last request: 179.208920 seconds.
  path: Assets/Scripts/SceneStateManager.cs
  artifactKey: Guid(14055599f37227d41a156ddddefe051c) Importer(815301076,1909f56bfc062723c751e8b465ee728b)
Start importing Assets/Scripts/SceneStateManager.cs using Guid(14055599f37227d41a156ddddefe051c) Importer(815301076,1909f56bfc062723c751e8b465ee728b)  -> (artifact id: '1c3e7cc9e260df6d54d99e25543ffc0e') in 0.022321 seconds 
  Import took 0.046506 seconds .

========================================================================
Received Import Request.
  Time since last request: 79.266960 seconds.
  path: Assets/Scripts/SceneStateManager.cs
  artifactKey: Guid(14055599f37227d41a156ddddefe051c) Importer(815301076,1909f56bfc062723c751e8b465ee728b)
Start importing Assets/Scripts/SceneStateManager.cs using Guid(14055599f37227d41a156ddddefe051c) Importer(815301076,1909f56bfc062723c751e8b465ee728b)  -> (artifact id: '9a969c09b156fb205d7f681c1d63bb61') in 0.018247 seconds 
  Import took 0.034950 seconds .

========================================================================
Received Prepare
Registering precompiled user dll's ...
Registered in 0.030916 seconds.
Begin MonoManager ReloadAssembly
Native extension for WindowsStandalone target not found
Refreshing native plugins compatible for Editor in 1.37 ms, found 3 plugins.
Preloading 0 native plugins for Editor in 0.00 ms.
Mono: successfully reloaded assembly
- Completed reload, in  3.143 seconds
Platform modules already initialized, skipping
Refreshing native plugins compatible for Editor in 1.18 ms, found 3 plugins.
Preloading 0 native plugins for Editor in 0.00 ms.
Unloading 2222 Unused Serialized files (Serialized files now loaded: 0)
System memory in use before: 103.2 MB.
System memory in use after: 103.2 MB.

Unloading 24 unused Assets to reduce memory usage. Loaded Objects now: 2704.
Total: 9.536400 ms (FindLiveObjects: 0.797000 ms CreateObjectMapping: 0.316700 ms MarkObjects: 7.115000 ms  DeleteObjects: 1.304600 ms)

AssetImportParameters requested are different than current active one (requested -> active):
  custom:framework-win-MediaFoundation: 216162199b28c13a410421893ffa2e32 -> 
  custom:video-decoder-ogg-theora: a1e56fd34408186e4bbccfd4996cb3dc -> 
  custom:container-muxer-webm: aa71ff27fc2769a1b78a27578f13a17b -> 
  custom:container-demuxer-webm: 4f35f7cbe854078d1ac9338744f61a02 -> 
  custom:container-demuxer-ogg: 62fdf1f143b41e24485cea50d1cbac27 -> 
  custom:video-encoder-webm-vp8: eb34c28f22e8b96e1ab97ce403110664 -> 
  custom:video-codec-MediaFoundation-h265: 746d11721c4dcdbdad8f713fa42b33f4 -> 
  custom:video-decoder-webm-vp8: 9c59270c3fd7afecdb556c50c9e8de78 -> 
  custom:audio-decoder-ogg-vorbis: bf7c407c2cedff20999df2af8eb42d56 -> 
  custom:audio-encoder-webm-vorbis: bf7c407c2cedff20999df2af8eb42d56 -> 
========================================================================
Received Import Request.
  Time since last request: 97.462693 seconds.
  path: Assets/Scenes/Main.unity
  artifactKey: Guid(ee4eef9a2d1863f48b1931d1dcfbae12) Importer(815301076,1909f56bfc062723c751e8b465ee728b)
Start importing Assets/Scenes/Main.unity using Guid(ee4eef9a2d1863f48b1931d1dcfbae12) Importer(815301076,1909f56bfc062723c751e8b465ee728b)  -> (artifact id: 'f1ed9f1b312d60129b516ac40ceef364') in 0.097015 seconds 
  Import took 0.118705 seconds .

========================================================================
Received Import Request.
  Time since last request: 8.410768 seconds.
  path: Assets/Scenes/Battle.unity
  artifactKey: Guid(ee4eef9a2d1863f48b1931d1dcfbae12) Importer(815301076,1909f56bfc062723c751e8b465ee728b)
Start importing Assets/Scenes/Battle.unity using Guid(ee4eef9a2d1863f48b1931d1dcfbae12) Importer(815301076,1909f56bfc062723c751e8b465ee728b)  -> (artifact id: 'dcf142707c7fad65226faa34f1d7eed0') in 0.079847 seconds 
  Import took 0.102745 seconds .

========================================================================
Received Import Request.
  Time since last request: 1.486141 seconds.
  path: Assets/Scenes/StageSelect.unity
  artifactKey: Guid(39360d140302ad14b960a87104979fe7) Importer(815301076,1909f56bfc062723c751e8b465ee728b)
Start importing Assets/Scenes/StageSelect.unity using Guid(39360d140302ad14b960a87104979fe7) Importer(815301076,1909f56bfc062723c751e8b465ee728b)  -> (artifact id: '299159ede9c8d0508c13930b4864b334') in 0.045476 seconds 
  Import took 0.063897 seconds .

========================================================================
Received Import Request.
  Time since last request: 80.420847 seconds.
  path: Assets/Prefabs/SceneStateManager.prefab
  artifactKey: Guid(66fde87911064c04fb9c66ca96a56c9e) Importer(815301076,1909f56bfc062723c751e8b465ee728b)
Start importing Assets/Prefabs/SceneStateManager.prefab using Guid(66fde87911064c04fb9c66ca96a56c9e) Importer(815301076,1909f56bfc062723c751e8b465ee728b)  -> (artifact id: 'a16cbbc77376b50f90e44e6e512c80d1') in 0.137638 seconds 
  Import took 0.152717 seconds .

========================================================================
Received Import Request.
  Time since last request: 0.023914 seconds.
  path: Assets/Prefabs/SceneStateManager.prefab
  artifactKey: Guid(66fde87911064c04fb9c66ca96a56c9e) Importer(815301076,1909f56bfc062723c751e8b465ee728b)
Start importing Assets/Prefabs/SceneStateManager.prefab using Guid(66fde87911064c04fb9c66ca96a56c9e) Importer(815301076,1909f56bfc062723c751e8b465ee728b)  -> (artifact id: 'a16cbbc77376b50f90e44e6e512c80d1') in 0.027779 seconds 
  Import took 0.042551 seconds .

========================================================================
Received Import Request.
  Time since last request: 25.506426 seconds.
  path: Assets/Scenes/StageSelect.unity
  artifactKey: Guid(39360d140302ad14b960a87104979fe7) Importer(815301076,1909f56bfc062723c751e8b465ee728b)
Start importing Assets/Scenes/StageSelect.unity using Guid(39360d140302ad14b960a87104979fe7) Importer(815301076,1909f56bfc062723c751e8b465ee728b)  -> (artifact id: '370a1303bc7e8f88782865b3fe2e2c3b') in 0.025457 seconds 
  Import took 0.049322 seconds .

========================================================================
Received Prepare
Registering precompiled user dll's ...
Registered in 0.038926 seconds.
Begin MonoManager ReloadAssembly
Native extension for WindowsStandalone target not found
Refreshing native plugins compatible for Editor in 1.18 ms, found 3 plugins.
Preloading 0 native plugins for Editor in 0.00 ms.
Mono: successfully reloaded assembly
- Completed reload, in  3.443 seconds
Platform modules already initialized, skipping
Refreshing native plugins compatible for Editor in 1.93 ms, found 3 plugins.
Preloading 0 native plugins for Editor in 0.01 ms.
Unloading 2222 Unused Serialized files (Serialized files now loaded: 0)
System memory in use before: 103.5 MB.
System memory in use after: 103.5 MB.

Unloading 24 unused Assets to reduce memory usage. Loaded Objects now: 2708.
Total: 7.939800 ms (FindLiveObjects: 0.477300 ms CreateObjectMapping: 0.193400 ms MarkObjects: 6.924700 ms  DeleteObjects: 0.340800 ms)

AssetImportParameters requested are different than current active one (requested -> active):
  custom:framework-win-MediaFoundation: 216162199b28c13a410421893ffa2e32 -> 
  custom:video-decoder-ogg-theora: a1e56fd34408186e4bbccfd4996cb3dc -> 
  custom:container-muxer-webm: aa71ff27fc2769a1b78a27578f13a17b -> 
  custom:container-demuxer-webm: 4f35f7cbe854078d1ac9338744f61a02 -> 
  custom:container-demuxer-ogg: 62fdf1f143b41e24485cea50d1cbac27 -> 
  custom:video-encoder-webm-vp8: eb34c28f22e8b96e1ab97ce403110664 -> 
  custom:video-codec-MediaFoundation-h265: 746d11721c4dcdbdad8f713fa42b33f4 -> 
  custom:video-decoder-webm-vp8: 9c59270c3fd7afecdb556c50c9e8de78 -> 
  custom:audio-decoder-ogg-vorbis: bf7c407c2cedff20999df2af8eb42d56 -> 
  custom:audio-encoder-webm-vorbis: bf7c407c2cedff20999df2af8eb42d56 -> 
========================================================================
Received Import Request.
  Time since last request: 118.157906 seconds.
  path: Assets/Scripts/SelectStageButton.cs
  artifactKey: Guid(3f542bb36bfef9946a25b500491982b7) Importer(815301076,1909f56bfc062723c751e8b465ee728b)
Start importing Assets/Scripts/SelectStageButton.cs using Guid(3f542bb36bfef9946a25b500491982b7) Importer(815301076,1909f56bfc062723c751e8b465ee728b)  -> (artifact id: 'b04d9a69a2a74cbc178ece706641e0f0') in 0.021049 seconds 
  Import took 0.028730 seconds .

========================================================================
Received Import Request.
  Time since last request: 0.009705 seconds.
  path: Assets/Scripts/SelectStageButton.cs
  artifactKey: Guid(3f542bb36bfef9946a25b500491982b7) Importer(815301076,1909f56bfc062723c751e8b465ee728b)
Start importing Assets/Scripts/SelectStageButton.cs using Guid(3f542bb36bfef9946a25b500491982b7) Importer(815301076,1909f56bfc062723c751e8b465ee728b)  -> (artifact id: 'b04d9a69a2a74cbc178ece706641e0f0') in 0.010026 seconds 
  Import took 0.020410 seconds .

========================================================================
Received Prepare
Registering precompiled user dll's ...
Registered in 0.042301 seconds.
Begin MonoManager ReloadAssembly
Native extension for WindowsStandalone target not found
Refreshing native plugins compatible for Editor in 1.26 ms, found 3 plugins.
Preloading 0 native plugins for Editor in 0.00 ms.
Mono: successfully reloaded assembly
- Completed reload, in  3.067 seconds
Platform modules already initialized, skipping
Refreshing native plugins compatible for Editor in 1.13 ms, found 3 plugins.
Preloading 0 native plugins for Editor in 0.00 ms.
Unloading 2222 Unused Serialized files (Serialized files now loaded: 0)
System memory in use before: 103.5 MB.
System memory in use after: 103.6 MB.

Unloading 24 unused Assets to reduce memory usage. Loaded Objects now: 2712.
Total: 6.339200 ms (FindLiveObjects: 0.629700 ms CreateObjectMapping: 0.337400 ms MarkObjects: 5.066000 ms  DeleteObjects: 0.303700 ms)

AssetImportParameters requested are different than current active one (requested -> active):
  custom:framework-win-MediaFoundation: 216162199b28c13a410421893ffa2e32 -> 
  custom:video-decoder-ogg-theora: a1e56fd34408186e4bbccfd4996cb3dc -> 
  custom:container-muxer-webm: aa71ff27fc2769a1b78a27578f13a17b -> 
  custom:container-demuxer-webm: 4f35f7cbe854078d1ac9338744f61a02 -> 
  custom:container-demuxer-ogg: 62fdf1f143b41e24485cea50d1cbac27 -> 
  custom:video-encoder-webm-vp8: eb34c28f22e8b96e1ab97ce403110664 -> 
  custom:video-codec-MediaFoundation-h265: 746d11721c4dcdbdad8f713fa42b33f4 -> 
  custom:video-decoder-webm-vp8: 9c59270c3fd7afecdb556c50c9e8de78 -> 
  custom:audio-decoder-ogg-vorbis: bf7c407c2cedff20999df2af8eb42d56 -> 
  custom:audio-encoder-webm-vorbis: bf7c407c2cedff20999df2af8eb42d56 -> 
========================================================================
Received Import Request.
  Time since last request: 421.409848 seconds.
  path: Assets/Fade/Samples
  artifactKey: Guid(e611b2cb59ff64f47a29ee4c10ad234f) Importer(815301076,1909f56bfc062723c751e8b465ee728b)
Start importing Assets/Fade/Samples using Guid(e611b2cb59ff64f47a29ee4c10ad234f) Importer(815301076,1909f56bfc062723c751e8b465ee728b)  -> (artifact id: 'f79845d5a08fc189ae6522eac4dc89ee') in 0.068386 seconds 
  Import took 0.101312 seconds .

========================================================================
Received Import Request.
  Time since last request: 0.013119 seconds.
  path: Assets/Fade/Samples/Background.png
  artifactKey: Guid(6577507a4b442964197fd2f0fd0036da) Importer(815301076,1909f56bfc062723c751e8b465ee728b)
Start importing Assets/Fade/Samples/Background.png using Guid(6577507a4b442964197fd2f0fd0036da) Importer(815301076,1909f56bfc062723c751e8b465ee728b)  -> (artifact id: '1a96078ed56d11af653785fbf0144772') in 0.597384 seconds 
  Import took 0.626193 seconds .

========================================================================
Received Import Request.
  Time since last request: 0.000528 seconds.
  path: Assets/Fade/Samples/test.png
  artifactKey: Guid(ce240ce0716bc4e629f17c7808a0764d) Importer(815301076,1909f56bfc062723c751e8b465ee728b)
Start importing Assets/Fade/Samples/test.png using Guid(ce240ce0716bc4e629f17c7808a0764d) Importer(815301076,1909f56bfc062723c751e8b465ee728b)  -> (artifact id: '0828fa53d284b2b7308ec3c19af3b15f') in 0.177403 seconds 
  Import took 0.188646 seconds .

========================================================================
Received Import Request.
  Time since last request: 0.000497 seconds.
  path: Assets/Fade/Samples/grd.png
  artifactKey: Guid(f56b3d529d22d184dbc46ac81f777207) Importer(815301076,1909f56bfc062723c751e8b465ee728b)
Start importing Assets/Fade/Samples/grd.png using Guid(f56b3d529d22d184dbc46ac81f777207) Importer(815301076,1909f56bfc062723c751e8b465ee728b)  -> (artifact id: 'd56b632c7baf560a5098e927fb37449f') in 0.046430 seconds 
  Import took 0.059188 seconds .

========================================================================
Received Prepare
Registering precompiled user dll's ...
Registered in 0.034600 seconds.
Begin MonoManager ReloadAssembly
Native extension for WindowsStandalone target not found
Refreshing native plugins compatible for Editor in 4.33 ms, found 3 plugins.
Preloading 0 native plugins for Editor in 0.00 ms.
Mono: successfully reloaded assembly
- Completed reload, in  4.639 seconds
Platform modules already initialized, skipping
Refreshing native plugins compatible for Editor in 1.21 ms, found 3 plugins.
Preloading 0 native plugins for Editor in 0.00 ms.
Unloading 2230 Unused Serialized files (Serialized files now loaded: 0)
System memory in use before: 107.0 MB.
System memory in use after: 107.0 MB.

Unloading 27 unused Assets to reduce memory usage. Loaded Objects now: 2730.
Total: 21.512500 ms (FindLiveObjects: 1.759000 ms CreateObjectMapping: 0.420200 ms MarkObjects: 18.306100 ms  DeleteObjects: 1.023000 ms)

AssetImportParameters requested are different than current active one (requested -> active):
  custom:framework-win-MediaFoundation: 216162199b28c13a410421893ffa2e32 -> 
  custom:video-decoder-ogg-theora: a1e56fd34408186e4bbccfd4996cb3dc -> 
  custom:container-muxer-webm: aa71ff27fc2769a1b78a27578f13a17b -> 
  custom:container-demuxer-webm: 4f35f7cbe854078d1ac9338744f61a02 -> 
  custom:container-demuxer-ogg: 62fdf1f143b41e24485cea50d1cbac27 -> 
  custom:video-encoder-webm-vp8: eb34c28f22e8b96e1ab97ce403110664 -> 
  custom:video-codec-MediaFoundation-h265: 746d11721c4dcdbdad8f713fa42b33f4 -> 
  custom:video-decoder-webm-vp8: 9c59270c3fd7afecdb556c50c9e8de78 -> 
  custom:audio-decoder-ogg-vorbis: bf7c407c2cedff20999df2af8eb42d56 -> 
  custom:audio-encoder-webm-vorbis: bf7c407c2cedff20999df2af8eb42d56 -> 
========================================================================
Received Import Request.
  Time since last request: 77.855874 seconds.
  path: Assets/Fade/FadeCanvas.prefab
  artifactKey: Guid(53c22e1773be7f84aad8ed8b7b58fa6e) Importer(815301076,1909f56bfc062723c751e8b465ee728b)
Start importing Assets/Fade/FadeCanvas.prefab using Guid(53c22e1773be7f84aad8ed8b7b58fa6e) Importer(815301076,1909f56bfc062723c751e8b465ee728b)  -> (artifact id: '126e56e76d35f8d31a004c36a9b26f0a') in 0.109856 seconds 
  Import took 0.139613 seconds .

========================================================================
Received Import Request.
  Time since last request: 0.000652 seconds.
  path: Assets/Fade/FadeMask.prefab
  artifactKey: Guid(43432830f1db3574e9f698d80b00c314) Importer(815301076,1909f56bfc062723c751e8b465ee728b)
Start importing Assets/Fade/FadeMask.prefab using Guid(43432830f1db3574e9f698d80b00c314) Importer(815301076,1909f56bfc062723c751e8b465ee728b)  -> (artifact id: '30a6a1b1b3ba5fb1add6deee07ffe70c') in 0.322570 seconds 
Releasing render texture that is set to be RenderTexture.active!

  Import took 0.333844 seconds .

========================================================================
Received Import Request.
  Time since last request: 0.375391 seconds.
  path: Assets/Fade/Materials/Mask.renderTexture
  artifactKey: Guid(fe99870ba03c2f343b48e98d34ac4fc9) Importer(815301076,1909f56bfc062723c751e8b465ee728b)
Start importing Assets/Fade/Materials/Mask.renderTexture using Guid(fe99870ba03c2f343b48e98d34ac4fc9) Importer(815301076,1909f56bfc062723c751e8b465ee728b)  -> (artifact id: 'cf99bceff67efb146c5c0b2717d691da') in 0.151804 seconds 
  Import took 0.175371 seconds .

========================================================================
Received Import Request.
  Time since last request: 0.000917 seconds.
  path: Assets/Fade/Materials/UI-Fade-Cutout.mat
  artifactKey: Guid(c08cd46eaf9a0d34eb221ba2978cc476) Importer(815301076,1909f56bfc062723c751e8b465ee728b)
Start importing Assets/Fade/Materials/UI-Fade-Cutout.mat using Guid(c08cd46eaf9a0d34eb221ba2978cc476) Importer(815301076,1909f56bfc062723c751e8b465ee728b)  -> (artifact id: 'a574160bb3283194141f846ecd4d3edb') in 0.388501 seconds 
  Import took 0.405788 seconds .

========================================================================
Received Import Request.
  Time since last request: 0.000582 seconds.
  path: Assets/Fade/Materials/UI-Mask.mat
  artifactKey: Guid(4c710d45ee235444caea9b50aef4d3c9) Importer(815301076,1909f56bfc062723c751e8b465ee728b)
Start importing Assets/Fade/Materials/UI-Mask.mat using Guid(4c710d45ee235444caea9b50aef4d3c9) Importer(815301076,1909f56bfc062723c751e8b465ee728b)  -> (artifact id: 'f34a9f09a99fe183fcb02d4d3ca589e5') in 0.134184 seconds 
  Import took 0.150418 seconds .

========================================================================
Received Import Request.
  Time since last request: 0.000824 seconds.
  path: Assets/Fade/Materials/UI-Fade-Alpha.mat
  artifactKey: Guid(d9d88d72d65d92d409606deefe2646d6) Importer(815301076,1909f56bfc062723c751e8b465ee728b)
Start importing Assets/Fade/Materials/UI-Fade-Alpha.mat using Guid(d9d88d72d65d92d409606deefe2646d6) Importer(815301076,1909f56bfc062723c751e8b465ee728b)  -> (artifact id: '2ff65b1958ef71658f712e15d179b195') in 0.096071 seconds 
  Import took 0.113337 seconds .

========================================================================
Received Import Request.
  Time since last request: 47.804358 seconds.
  path: Assets/JMO Assets/Cartoon FX/Textures/CFX2_T_FadedRay.png
  artifactKey: Guid(03825a665aa62554eb3e92e2ab6c4b12) Importer(815301076,1909f56bfc062723c751e8b465ee728b)
Start importing Assets/JMO Assets/Cartoon FX/Textures/CFX2_T_FadedRay.png using Guid(03825a665aa62554eb3e92e2ab6c4b12) Importer(815301076,1909f56bfc062723c751e8b465ee728b)  -> (artifact id: '99a26ea52c96c5867f2881445df51da1') in 0.087701 seconds 
  Import took 0.107828 seconds .

========================================================================
Received Prepare
Registering precompiled user dll's ...
Registered in 0.098839 seconds.
Begin MonoManager ReloadAssembly
Native extension for WindowsStandalone target not found
Refreshing native plugins compatible for Editor in 3.68 ms, found 3 plugins.
Preloading 0 native plugins for Editor in 0.00 ms.
Mono: successfully reloaded assembly
- Completed reload, in  9.622 seconds
Platform modules already initialized, skipping
Refreshing native plugins compatible for Editor in 1.42 ms, found 3 plugins.
Preloading 0 native plugins for Editor in 0.00 ms.
Unloading 2230 Unused Serialized files (Serialized files now loaded: 0)
System memory in use before: 107.4 MB.
System memory in use after: 107.5 MB.

Unloading 25 unused Assets to reduce memory usage. Loaded Objects now: 2776.
Total: 31.369300 ms (FindLiveObjects: 2.990100 ms CreateObjectMapping: 0.625500 ms MarkObjects: 21.900900 ms  DeleteObjects: 5.849200 ms)

AssetImportParameters requested are different than current active one (requested -> active):
  custom:framework-win-MediaFoundation: 216162199b28c13a410421893ffa2e32 -> 
  custom:video-decoder-ogg-theora: a1e56fd34408186e4bbccfd4996cb3dc -> 
  custom:container-muxer-webm: aa71ff27fc2769a1b78a27578f13a17b -> 
  custom:container-demuxer-webm: 4f35f7cbe854078d1ac9338744f61a02 -> 
  custom:container-demuxer-ogg: 62fdf1f143b41e24485cea50d1cbac27 -> 
  custom:video-encoder-webm-vp8: eb34c28f22e8b96e1ab97ce403110664 -> 
  custom:video-codec-MediaFoundation-h265: 746d11721c4dcdbdad8f713fa42b33f4 -> 
  custom:video-decoder-webm-vp8: 9c59270c3fd7afecdb556c50c9e8de78 -> 
  custom:audio-decoder-ogg-vorbis: bf7c407c2cedff20999df2af8eb42d56 -> 
  custom:audio-encoder-webm-vorbis: bf7c407c2cedff20999df2af8eb42d56 -> 
========================================================================
Received Prepare
Registering precompiled user dll's ...
Registered in 0.088223 seconds.
Begin MonoManager ReloadAssembly
Native extension for WindowsStandalone target not found
Refreshing native plugins compatible for Editor in 3.18 ms, found 3 plugins.
Preloading 0 native plugins for Editor in 0.00 ms.
Mono: successfully reloaded assembly
- Completed reload, in  5.907 seconds
Platform modules already initialized, skipping
Refreshing native plugins compatible for Editor in 2.27 ms, found 3 plugins.
Preloading 0 native plugins for Editor in 0.00 ms.
Unloading 2227 Unused Serialized files (Serialized files now loaded: 0)
System memory in use before: 107.2 MB.
System memory in use after: 107.3 MB.

Unloading 24 unused Assets to reduce memory usage. Loaded Objects now: 2780.
Total: 18.703500 ms (FindLiveObjects: 2.043600 ms CreateObjectMapping: 0.314500 ms MarkObjects: 15.141300 ms  DeleteObjects: 1.199300 ms)

AssetImportParameters requested are different than current active one (requested -> active):
  custom:framework-win-MediaFoundation: 216162199b28c13a410421893ffa2e32 -> 
  custom:video-decoder-ogg-theora: a1e56fd34408186e4bbccfd4996cb3dc -> 
  custom:container-muxer-webm: aa71ff27fc2769a1b78a27578f13a17b -> 
  custom:container-demuxer-webm: 4f35f7cbe854078d1ac9338744f61a02 -> 
  custom:container-demuxer-ogg: 62fdf1f143b41e24485cea50d1cbac27 -> 
  custom:video-encoder-webm-vp8: eb34c28f22e8b96e1ab97ce403110664 -> 
  custom:video-codec-MediaFoundation-h265: 746d11721c4dcdbdad8f713fa42b33f4 -> 
  custom:video-decoder-webm-vp8: 9c59270c3fd7afecdb556c50c9e8de78 -> 
  custom:audio-decoder-ogg-vorbis: bf7c407c2cedff20999df2af8eb42d56 -> 
  custom:audio-encoder-webm-vorbis: bf7c407c2cedff20999df2af8eb42d56 -> 
========================================================================
Received Prepare
Registering precompiled user dll's ...
Registered in 0.038378 seconds.
Begin MonoManager ReloadAssembly
Native extension for WindowsStandalone target not found
Refreshing native plugins compatible for Editor in 3.14 ms, found 3 plugins.
Preloading 0 native plugins for Editor in 0.00 ms.
Mono: successfully reloaded assembly
- Completed reload, in 17.192 seconds
Platform modules already initialized, skipping
Refreshing native plugins compatible for Editor in 1.71 ms, found 3 plugins.
Preloading 0 native plugins for Editor in 0.00 ms.
Unloading 2227 Unused Serialized files (Serialized files now loaded: 0)
System memory in use before: 107.2 MB.
System memory in use after: 107.3 MB.

Unloading 24 unused Assets to reduce memory usage. Loaded Objects now: 2784.
Total: 20.812900 ms (FindLiveObjects: 2.218500 ms CreateObjectMapping: 1.425900 ms MarkObjects: 13.950200 ms  DeleteObjects: 3.213300 ms)

AssetImportParameters requested are different than current active one (requested -> active):
  custom:framework-win-MediaFoundation: 216162199b28c13a410421893ffa2e32 -> 
  custom:video-decoder-ogg-theora: a1e56fd34408186e4bbccfd4996cb3dc -> 
  custom:container-muxer-webm: aa71ff27fc2769a1b78a27578f13a17b -> 
  custom:container-demuxer-webm: 4f35f7cbe854078d1ac9338744f61a02 -> 
  custom:container-demuxer-ogg: 62fdf1f143b41e24485cea50d1cbac27 -> 
  custom:video-encoder-webm-vp8: eb34c28f22e8b96e1ab97ce403110664 -> 
  custom:video-codec-MediaFoundation-h265: 746d11721c4dcdbdad8f713fa42b33f4 -> 
  custom:video-decoder-webm-vp8: 9c59270c3fd7afecdb556c50c9e8de78 -> 
  custom:audio-decoder-ogg-vorbis: bf7c407c2cedff20999df2af8eb42d56 -> 
  custom:audio-encoder-webm-vorbis: bf7c407c2cedff20999df2af8eb42d56 -> 
========================================================================
Received Prepare
Registering precompiled user dll's ...
Registered in 0.064488 seconds.
Begin MonoManager ReloadAssembly
Native extension for WindowsStandalone target not found
Refreshing native plugins compatible for Editor in 1.92 ms, found 3 plugins.
Preloading 0 native plugins for Editor in 0.00 ms.
Mono: successfully reloaded assembly
- Completed reload, in  6.306 seconds
Platform modules already initialized, skipping
Refreshing native plugins compatible for Editor in 1.51 ms, found 3 plugins.
Preloading 0 native plugins for Editor in 0.00 ms.
Unloading 2227 Unused Serialized files (Serialized files now loaded: 0)
System memory in use before: 107.2 MB.
System memory in use after: 107.3 MB.

Unloading 24 unused Assets to reduce memory usage. Loaded Objects now: 2788.
Total: 7.358500 ms (FindLiveObjects: 0.484100 ms CreateObjectMapping: 0.238700 ms MarkObjects: 4.666500 ms  DeleteObjects: 1.966500 ms)

AssetImportParameters requested are different than current active one (requested -> active):
  custom:framework-win-MediaFoundation: 216162199b28c13a410421893ffa2e32 -> 
  custom:video-decoder-ogg-theora: a1e56fd34408186e4bbccfd4996cb3dc -> 
  custom:container-muxer-webm: aa71ff27fc2769a1b78a27578f13a17b -> 
  custom:container-demuxer-webm: 4f35f7cbe854078d1ac9338744f61a02 -> 
  custom:container-demuxer-ogg: 62fdf1f143b41e24485cea50d1cbac27 -> 
  custom:video-encoder-webm-vp8: eb34c28f22e8b96e1ab97ce403110664 -> 
  custom:video-codec-MediaFoundation-h265: 746d11721c4dcdbdad8f713fa42b33f4 -> 
  custom:video-decoder-webm-vp8: 9c59270c3fd7afecdb556c50c9e8de78 -> 
  custom:audio-decoder-ogg-vorbis: bf7c407c2cedff20999df2af8eb42d56 -> 
  custom:audio-encoder-webm-vorbis: bf7c407c2cedff20999df2af8eb42d56 -> 
========================================================================
Received Import Request.
  Time since last request: 2496.268997 seconds.
  path: Assets/Scenes/Battle.unity
  artifactKey: Guid(ee4eef9a2d1863f48b1931d1dcfbae12) Importer(815301076,1909f56bfc062723c751e8b465ee728b)
Start importing Assets/Scenes/Battle.unity using Guid(ee4eef9a2d1863f48b1931d1dcfbae12) Importer(815301076,1909f56bfc062723c751e8b465ee728b)  -> (artifact id: '927f322377f475c0a25c39eb461b0182') in 15.567966 seconds 
  Import took 26.757647 seconds .

========================================================================
Received Import Request.
  Time since last request: 0.001444 seconds.
  path: Assets/Prefabs/DataBaseManager.prefab
  artifactKey: Guid(bdfae1dcf79e02042bc5ad02d74a2ea2) Importer(815301076,1909f56bfc062723c751e8b465ee728b)
Start importing Assets/Prefabs/DataBaseManager.prefab using Guid(bdfae1dcf79e02042bc5ad02d74a2ea2) Importer(815301076,1909f56bfc062723c751e8b465ee728b)  -> (artifact id: '2547307eb551d12c9b15394bd37ba2d7') in 11.665961 seconds 
  Import took 11.787000 seconds .

========================================================================
Received Import Request.
  Time since last request: 26.274641 seconds.
  path: Assets/Scripts/StageSelectManager.cs
  artifactKey: Guid(614edfac4b2c21c49baa5991031c8027) Importer(815301076,1909f56bfc062723c751e8b465ee728b)
Start importing Assets/Scripts/StageSelectManager.cs using Guid(614edfac4b2c21c49baa5991031c8027) Importer(815301076,1909f56bfc062723c751e8b465ee728b)  -> (artifact id: '8e5a7302c78a71775d9b6003166866aa') in 0.921861 seconds 
  Import took 1.340242 seconds .

========================================================================
Received Prepare
Registering precompiled user dll's ...
Registered in 0.070803 seconds.
Begin MonoManager ReloadAssembly
Native extension for WindowsStandalone target not found
Refreshing native plugins compatible for Editor in 2.35 ms, found 3 plugins.
Preloading 0 native plugins for Editor in 0.00 ms.
Mono: successfully reloaded assembly
- Completed reload, in  8.041 seconds
Platform modules already initialized, skipping
Refreshing native plugins compatible for Editor in 1.43 ms, found 3 plugins.
Preloading 0 native plugins for Editor in 0.00 ms.
Unloading 2228 Unused Serialized files (Serialized files now loaded: 0)
System memory in use before: 107.3 MB.
System memory in use after: 107.4 MB.

Unloading 24 unused Assets to reduce memory usage. Loaded Objects now: 2793.
Total: 23.773500 ms (FindLiveObjects: 0.938100 ms CreateObjectMapping: 0.305300 ms MarkObjects: 19.594900 ms  DeleteObjects: 2.930900 ms)

AssetImportParameters requested are different than current active one (requested -> active):
  custom:framework-win-MediaFoundation: 216162199b28c13a410421893ffa2e32 -> 
  custom:video-decoder-ogg-theora: a1e56fd34408186e4bbccfd4996cb3dc -> 
  custom:container-muxer-webm: aa71ff27fc2769a1b78a27578f13a17b -> 
  custom:container-demuxer-webm: 4f35f7cbe854078d1ac9338744f61a02 -> 
  custom:container-demuxer-ogg: 62fdf1f143b41e24485cea50d1cbac27 -> 
  custom:video-encoder-webm-vp8: eb34c28f22e8b96e1ab97ce403110664 -> 
  custom:video-codec-MediaFoundation-h265: 746d11721c4dcdbdad8f713fa42b33f4 -> 
  custom:video-decoder-webm-vp8: 9c59270c3fd7afecdb556c50c9e8de78 -> 
  custom:audio-decoder-ogg-vorbis: bf7c407c2cedff20999df2af8eb42d56 -> 
  custom:audio-encoder-webm-vorbis: bf7c407c2cedff20999df2af8eb42d56 -> 
========================================================================
Received Import Request.
  Time since last request: 908.154206 seconds.
  path: Assets/Scripts/StageSelectManager.cs
  artifactKey: Guid(614edfac4b2c21c49baa5991031c8027) Importer(815301076,1909f56bfc062723c751e8b465ee728b)
Start importing Assets/Scripts/StageSelectManager.cs using Guid(614edfac4b2c21c49baa5991031c8027) Importer(815301076,1909f56bfc062723c751e8b465ee728b)  -> (artifact id: '6f7bfd7974bbca69e81ebbef620755df') in 0.025026 seconds 
  Import took 0.041052 seconds .

========================================================================
Received Prepare
Registering precompiled user dll's ...
Registered in 0.061067 seconds.
Begin MonoManager ReloadAssembly
Native extension for WindowsStandalone target not found
Refreshing native plugins compatible for Editor in 3.35 ms, found 3 plugins.
Preloading 0 native plugins for Editor in 0.00 ms.
Mono: successfully reloaded assembly
- Completed reload, in  8.015 seconds
Platform modules already initialized, skipping
Refreshing native plugins compatible for Editor in 2.55 ms, found 3 plugins.
Preloading 0 native plugins for Editor in 0.00 ms.
Unloading 2228 Unused Serialized files (Serialized files now loaded: 0)
System memory in use before: 107.2 MB.
System memory in use after: 107.3 MB.

Unloading 24 unused Assets to reduce memory usage. Loaded Objects now: 2797.
Total: 35.939800 ms (FindLiveObjects: 9.585900 ms CreateObjectMapping: 0.562700 ms MarkObjects: 23.047900 ms  DeleteObjects: 2.737900 ms)

AssetImportParameters requested are different than current active one (requested -> active):
  custom:framework-win-MediaFoundation: 216162199b28c13a410421893ffa2e32 -> 
  custom:video-decoder-ogg-theora: a1e56fd34408186e4bbccfd4996cb3dc -> 
  custom:container-muxer-webm: aa71ff27fc2769a1b78a27578f13a17b -> 
  custom:container-demuxer-webm: 4f35f7cbe854078d1ac9338744f61a02 -> 
  custom:container-demuxer-ogg: 62fdf1f143b41e24485cea50d1cbac27 -> 
  custom:video-encoder-webm-vp8: eb34c28f22e8b96e1ab97ce403110664 -> 
  custom:video-codec-MediaFoundation-h265: 746d11721c4dcdbdad8f713fa42b33f4 -> 
  custom:video-decoder-webm-vp8: 9c59270c3fd7afecdb556c50c9e8de78 -> 
  custom:audio-decoder-ogg-vorbis: bf7c407c2cedff20999df2af8eb42d56 -> 
  custom:audio-encoder-webm-vorbis: bf7c407c2cedff20999df2af8eb42d56 -> 
========================================================================
Received Import Request.
  Time since last request: 424.823604 seconds.
  path: Assets/Prefabs/SceneStateManager.prefab
  artifactKey: Guid(66fde87911064c04fb9c66ca96a56c9e) Importer(815301076,1909f56bfc062723c751e8b465ee728b)
Start importing Assets/Prefabs/SceneStateManager.prefab using Guid(66fde87911064c04fb9c66ca96a56c9e) Importer(815301076,1909f56bfc062723c751e8b465ee728b)  -> (artifact id: '530fa36459bcbf280d74230167d19929') in 0.187640 seconds 
  Import took 0.266731 seconds .

========================================================================
Received Import Request.
  Time since last request: 4.691165 seconds.
  path: Assets/Prefabs/btnStage0.prefab
  artifactKey: Guid(86d4adb52e05ea14d944a50563c9ee20) Importer(815301076,1909f56bfc062723c751e8b465ee728b)
Start importing Assets/Prefabs/btnStage0.prefab using Guid(86d4adb52e05ea14d944a50563c9ee20) Importer(815301076,1909f56bfc062723c751e8b465ee728b)  -> (artifact id: 'e663cb6d50b688d38d6ade6fce3c7116') in 0.518670 seconds 
  Import took 0.562313 seconds .

========================================================================
Received Import Request.
  Time since last request: 10.100746 seconds.
  path: Assets/Prefabs/btnStage0.prefab
  artifactKey: Guid(86d4adb52e05ea14d944a50563c9ee20) Importer(815301076,1909f56bfc062723c751e8b465ee728b)
Start importing Assets/Prefabs/btnStage0.prefab using Guid(86d4adb52e05ea14d944a50563c9ee20) Importer(815301076,1909f56bfc062723c751e8b465ee728b)  -> (artifact id: '961d56802fc611922057138e3502ec7b') in 0.531705 seconds 
  Import took 0.634637 seconds .

========================================================================
Received Prepare
Registering precompiled user dll's ...
Registered in 0.038135 seconds.
Begin MonoManager ReloadAssembly
Native extension for WindowsStandalone target not found
Refreshing native plugins compatible for Editor in 6.47 ms, found 3 plugins.
Preloading 0 native plugins for Editor in 0.00 ms.
Mono: successfully reloaded assembly
- Completed reload, in 15.792 seconds
Platform modules already initialized, skipping
Refreshing native plugins compatible for Editor in 2.76 ms, found 3 plugins.
Preloading 0 native plugins for Editor in 0.00 ms.
Unloading 2228 Unused Serialized files (Serialized files now loaded: 0)
System memory in use before: 107.4 MB.
System memory in use after: 107.5 MB.

Unloading 24 unused Assets to reduce memory usage. Loaded Objects now: 2803.
Total: 20.667700 ms (FindLiveObjects: 1.190900 ms CreateObjectMapping: 0.998100 ms MarkObjects: 17.174700 ms  DeleteObjects: 1.298300 ms)

AssetImportParameters requested are different than current active one (requested -> active):
  custom:framework-win-MediaFoundation: 216162199b28c13a410421893ffa2e32 -> 
  custom:video-decoder-ogg-theora: a1e56fd34408186e4bbccfd4996cb3dc -> 
  custom:container-muxer-webm: aa71ff27fc2769a1b78a27578f13a17b -> 
  custom:container-demuxer-webm: 4f35f7cbe854078d1ac9338744f61a02 -> 
  custom:container-demuxer-ogg: 62fdf1f143b41e24485cea50d1cbac27 -> 
  custom:video-encoder-webm-vp8: eb34c28f22e8b96e1ab97ce403110664 -> 
  custom:video-codec-MediaFoundation-h265: 746d11721c4dcdbdad8f713fa42b33f4 -> 
  custom:video-decoder-webm-vp8: 9c59270c3fd7afecdb556c50c9e8de78 -> 
  custom:audio-decoder-ogg-vorbis: bf7c407c2cedff20999df2af8eb42d56 -> 
  custom:audio-encoder-webm-vorbis: bf7c407c2cedff20999df2af8eb42d56 -> 
========================================================================
Received Prepare
Registering precompiled user dll's ...
Registered in 0.070800 seconds.
Begin MonoManager ReloadAssembly
Native extension for WindowsStandalone target not found
Refreshing native plugins compatible for Editor in 3.07 ms, found 3 plugins.
Preloading 0 native plugins for Editor in 0.00 ms.
Mono: successfully reloaded assembly
- Completed reload, in 47.368 seconds
Platform modules already initialized, skipping
Refreshing native plugins compatible for Editor in 1.45 ms, found 3 plugins.
Preloading 0 native plugins for Editor in 0.00 ms.
Unloading 2228 Unused Serialized files (Serialized files now loaded: 0)
System memory in use before: 107.4 MB.
System memory in use after: 107.5 MB.

Unloading 24 unused Assets to reduce memory usage. Loaded Objects now: 2807.
Total: 11.235700 ms (FindLiveObjects: 1.929700 ms CreateObjectMapping: 0.463200 ms MarkObjects: 8.282200 ms  DeleteObjects: 0.557100 ms)

AssetImportParameters requested are different than current active one (requested -> active):
  custom:framework-win-MediaFoundation: 216162199b28c13a410421893ffa2e32 -> 
  custom:video-decoder-ogg-theora: a1e56fd34408186e4bbccfd4996cb3dc -> 
  custom:container-muxer-webm: aa71ff27fc2769a1b78a27578f13a17b -> 
  custom:container-demuxer-webm: 4f35f7cbe854078d1ac9338744f61a02 -> 
  custom:container-demuxer-ogg: 62fdf1f143b41e24485cea50d1cbac27 -> 
  custom:video-encoder-webm-vp8: eb34c28f22e8b96e1ab97ce403110664 -> 
  custom:video-codec-MediaFoundation-h265: 746d11721c4dcdbdad8f713fa42b33f4 -> 
  custom:video-decoder-webm-vp8: 9c59270c3fd7afecdb556c50c9e8de78 -> 
  custom:audio-decoder-ogg-vorbis: bf7c407c2cedff20999df2af8eb42d56 -> 
  custom:audio-encoder-webm-vorbis: bf7c407c2cedff20999df2af8eb42d56 -> 
========================================================================
Received Prepare
Registering precompiled user dll's ...
Registered in 0.053951 seconds.
Begin MonoManager ReloadAssembly
Native extension for WindowsStandalone target not found
Refreshing native plugins compatible for Editor in 1.90 ms, found 3 plugins.
Preloading 0 native plugins for Editor in 0.00 ms.
Mono: successfully reloaded assembly
- Completed reload, in  7.940 seconds
Platform modules already initialized, skipping
Refreshing native plugins compatible for Editor in 1.21 ms, found 3 plugins.
Preloading 0 native plugins for Editor in 0.00 ms.
Unloading 2228 Unused Serialized files (Serialized files now loaded: 0)
System memory in use before: 107.4 MB.
System memory in use after: 107.5 MB.

Unloading 24 unused Assets to reduce memory usage. Loaded Objects now: 2811.
Total: 8.988900 ms (FindLiveObjects: 1.147300 ms CreateObjectMapping: 0.410500 ms MarkObjects: 6.006000 ms  DeleteObjects: 1.421800 ms)

AssetImportParameters requested are different than current active one (requested -> active):
  custom:framework-win-MediaFoundation: 216162199b28c13a410421893ffa2e32 -> 
  custom:video-decoder-ogg-theora: a1e56fd34408186e4bbccfd4996cb3dc -> 
  custom:container-muxer-webm: aa71ff27fc2769a1b78a27578f13a17b -> 
  custom:container-demuxer-webm: 4f35f7cbe854078d1ac9338744f61a02 -> 
  custom:container-demuxer-ogg: 62fdf1f143b41e24485cea50d1cbac27 -> 
  custom:video-encoder-webm-vp8: eb34c28f22e8b96e1ab97ce403110664 -> 
  custom:video-codec-MediaFoundation-h265: 746d11721c4dcdbdad8f713fa42b33f4 -> 
  custom:video-decoder-webm-vp8: 9c59270c3fd7afecdb556c50c9e8de78 -> 
  custom:audio-decoder-ogg-vorbis: bf7c407c2cedff20999df2af8eb42d56 -> 
  custom:audio-encoder-webm-vorbis: bf7c407c2cedff20999df2af8eb42d56 -> 
========================================================================
Received Prepare
Registering precompiled user dll's ...
Registered in 0.137935 seconds.
Begin MonoManager ReloadAssembly
Native extension for WindowsStandalone target not found
Refreshing native plugins compatible for Editor in 2.60 ms, found 3 plugins.
Preloading 0 native plugins for Editor in 0.00 ms.
Mono: successfully reloaded assembly
- Completed reload, in  7.219 seconds
Platform modules already initialized, skipping
Refreshing native plugins compatible for Editor in 2.64 ms, found 3 plugins.
Preloading 0 native plugins for Editor in 0.00 ms.
Unloading 2228 Unused Serialized files (Serialized files now loaded: 0)
System memory in use before: 107.4 MB.
System memory in use after: 107.5 MB.

Unloading 24 unused Assets to reduce memory usage. Loaded Objects now: 2815.
Total: 10.596800 ms (FindLiveObjects: 1.005500 ms CreateObjectMapping: 0.601800 ms MarkObjects: 8.499400 ms  DeleteObjects: 0.484500 ms)

AssetImportParameters requested are different than current active one (requested -> active):
  custom:framework-win-MediaFoundation: 216162199b28c13a410421893ffa2e32 -> 
  custom:video-decoder-ogg-theora: a1e56fd34408186e4bbccfd4996cb3dc -> 
  custom:container-muxer-webm: aa71ff27fc2769a1b78a27578f13a17b -> 
  custom:container-demuxer-webm: 4f35f7cbe854078d1ac9338744f61a02 -> 
  custom:container-demuxer-ogg: 62fdf1f143b41e24485cea50d1cbac27 -> 
  custom:video-encoder-webm-vp8: eb34c28f22e8b96e1ab97ce403110664 -> 
  custom:video-codec-MediaFoundation-h265: 746d11721c4dcdbdad8f713fa42b33f4 -> 
  custom:video-decoder-webm-vp8: 9c59270c3fd7afecdb556c50c9e8de78 -> 
  custom:audio-decoder-ogg-vorbis: bf7c407c2cedff20999df2af8eb42d56 -> 
  custom:audio-encoder-webm-vorbis: bf7c407c2cedff20999df2af8eb42d56 -> 
========================================================================
Received Prepare
Registering precompiled user dll's ...
Registered in 0.185996 seconds.
Begin MonoManager ReloadAssembly
Native extension for WindowsStandalone target not found
Refreshing native plugins compatible for Editor in 1.64 ms, found 3 plugins.
Preloading 0 native plugins for Editor in 0.00 ms.
Mono: successfully reloaded assembly
- Completed reload, in  7.691 seconds
Platform modules already initialized, skipping
Refreshing native plugins compatible for Editor in 3.32 ms, found 3 plugins.
Preloading 0 native plugins for Editor in 0.00 ms.
Unloading 2228 Unused Serialized files (Serialized files now loaded: 0)
System memory in use before: 107.3 MB.
System memory in use after: 107.4 MB.

Unloading 24 unused Assets to reduce memory usage. Loaded Objects now: 2819.
Total: 73.238700 ms (FindLiveObjects: 2.240600 ms CreateObjectMapping: 0.771000 ms MarkObjects: 69.547700 ms  DeleteObjects: 0.671900 ms)

AssetImportParameters requested are different than current active one (requested -> active):
  custom:framework-win-MediaFoundation: 216162199b28c13a410421893ffa2e32 -> 
  custom:video-decoder-ogg-theora: a1e56fd34408186e4bbccfd4996cb3dc -> 
  custom:container-muxer-webm: aa71ff27fc2769a1b78a27578f13a17b -> 
  custom:container-demuxer-webm: 4f35f7cbe854078d1ac9338744f61a02 -> 
  custom:container-demuxer-ogg: 62fdf1f143b41e24485cea50d1cbac27 -> 
  custom:video-encoder-webm-vp8: eb34c28f22e8b96e1ab97ce403110664 -> 
  custom:video-codec-MediaFoundation-h265: 746d11721c4dcdbdad8f713fa42b33f4 -> 
  custom:video-decoder-webm-vp8: 9c59270c3fd7afecdb556c50c9e8de78 -> 
  custom:audio-decoder-ogg-vorbis: bf7c407c2cedff20999df2af8eb42d56 -> 
  custom:audio-encoder-webm-vorbis: bf7c407c2cedff20999df2af8eb42d56 -> 
========================================================================
Received Import Request.
  Time since last request: 980.949155 seconds.
  path: Assets/Prefabs/btnStage0.prefab
  artifactKey: Guid(86d4adb52e05ea14d944a50563c9ee20) Importer(815301076,1909f56bfc062723c751e8b465ee728b)
Start importing Assets/Prefabs/btnStage0.prefab using Guid(86d4adb52e05ea14d944a50563c9ee20) Importer(815301076,1909f56bfc062723c751e8b465ee728b)  -> (artifact id: '10921f06368d28f38d05fa336c95d74c') in 0.459974 seconds 
  Import took 0.511466 seconds .

========================================================================
Received Import Request.
  Time since last request: 0.313773 seconds.
  path: Assets/Prefabs/btnStage0.prefab
  artifactKey: Guid(86d4adb52e05ea14d944a50563c9ee20) Importer(815301076,1909f56bfc062723c751e8b465ee728b)
Start importing Assets/Prefabs/btnStage0.prefab using Guid(86d4adb52e05ea14d944a50563c9ee20) Importer(815301076,1909f56bfc062723c751e8b465ee728b)  -> (artifact id: '10921f06368d28f38d05fa336c95d74c') in 0.069445 seconds 
  Import took 0.086470 seconds .

========================================================================
Received Prepare
Registering precompiled user dll's ...
Registered in 0.056304 seconds.
Begin MonoManager ReloadAssembly
Native extension for WindowsStandalone target not found
Refreshing native plugins compatible for Editor in 2.31 ms, found 3 plugins.
Preloading 0 native plugins for Editor in 0.00 ms.
Mono: successfully reloaded assembly
- Completed reload, in  4.943 seconds
Platform modules already initialized, skipping
Refreshing native plugins compatible for Editor in 2.31 ms, found 3 plugins.
Preloading 0 native plugins for Editor in 0.00 ms.
Unloading 2228 Unused Serialized files (Serialized files now loaded: 0)
System memory in use before: 107.4 MB.
System memory in use after: 107.5 MB.

Unloading 24 unused Assets to reduce memory usage. Loaded Objects now: 2823.
Total: 31.117400 ms (FindLiveObjects: 2.359400 ms CreateObjectMapping: 0.722700 ms MarkObjects: 24.559900 ms  DeleteObjects: 3.467600 ms)

AssetImportParameters requested are different than current active one (requested -> active):
  custom:framework-win-MediaFoundation: 216162199b28c13a410421893ffa2e32 -> 
  custom:video-decoder-ogg-theora: a1e56fd34408186e4bbccfd4996cb3dc -> 
  custom:container-muxer-webm: aa71ff27fc2769a1b78a27578f13a17b -> 
  custom:container-demuxer-webm: 4f35f7cbe854078d1ac9338744f61a02 -> 
  custom:container-demuxer-ogg: 62fdf1f143b41e24485cea50d1cbac27 -> 
  custom:video-encoder-webm-vp8: eb34c28f22e8b96e1ab97ce403110664 -> 
  custom:video-codec-MediaFoundation-h265: 746d11721c4dcdbdad8f713fa42b33f4 -> 
  custom:video-decoder-webm-vp8: 9c59270c3fd7afecdb556c50c9e8de78 -> 
  custom:audio-decoder-ogg-vorbis: bf7c407c2cedff20999df2af8eb42d56 -> 
  custom:audio-encoder-webm-vorbis: bf7c407c2cedff20999df2af8eb42d56 -> 
========================================================================
Received Prepare
Registering precompiled user dll's ...
Registered in 0.037984 seconds.
Begin MonoManager ReloadAssembly
Native extension for WindowsStandalone target not found
Refreshing native plugins compatible for Editor in 2.95 ms, found 3 plugins.
Preloading 0 native plugins for Editor in 0.00 ms.
Mono: successfully reloaded assembly
- Completed reload, in  2.676 seconds
Platform modules already initialized, skipping
Refreshing native plugins compatible for Editor in 1.31 ms, found 3 plugins.
Preloading 0 native plugins for Editor in 0.00 ms.
Unloading 2228 Unused Serialized files (Serialized files now loaded: 0)
System memory in use before: 107.5 MB.
System memory in use after: 107.5 MB.

Unloading 24 unused Assets to reduce memory usage. Loaded Objects now: 2827.
Total: 5.974700 ms (FindLiveObjects: 0.596800 ms CreateObjectMapping: 0.293300 ms MarkObjects: 4.907100 ms  DeleteObjects: 0.175800 ms)

AssetImportParameters requested are different than current active one (requested -> active):
  custom:framework-win-MediaFoundation: 216162199b28c13a410421893ffa2e32 -> 
  custom:video-decoder-ogg-theora: a1e56fd34408186e4bbccfd4996cb3dc -> 
  custom:container-muxer-webm: aa71ff27fc2769a1b78a27578f13a17b -> 
  custom:container-demuxer-webm: 4f35f7cbe854078d1ac9338744f61a02 -> 
  custom:container-demuxer-ogg: 62fdf1f143b41e24485cea50d1cbac27 -> 
  custom:video-encoder-webm-vp8: eb34c28f22e8b96e1ab97ce403110664 -> 
  custom:video-codec-MediaFoundation-h265: 746d11721c4dcdbdad8f713fa42b33f4 -> 
  custom:video-decoder-webm-vp8: 9c59270c3fd7afecdb556c50c9e8de78 -> 
  custom:audio-decoder-ogg-vorbis: bf7c407c2cedff20999df2af8eb42d56 -> 
  custom:audio-encoder-webm-vorbis: bf7c407c2cedff20999df2af8eb42d56 -> 
========================================================================
Received Prepare
Registering precompiled user dll's ...
Registered in 0.012444 seconds.
Begin MonoManager ReloadAssembly
Native extension for WindowsStandalone target not found
Refreshing native plugins compatible for Editor in 1.39 ms, found 3 plugins.
Preloading 0 native plugins for Editor in 0.00 ms.
Mono: successfully reloaded assembly
- Completed reload, in  2.881 seconds
Platform modules already initialized, skipping
Refreshing native plugins compatible for Editor in 2.76 ms, found 3 plugins.
Preloading 0 native plugins for Editor in 0.00 ms.
Unloading 2228 Unused Serialized files (Serialized files now loaded: 0)
System memory in use before: 107.5 MB.
System memory in use after: 107.5 MB.

Unloading 24 unused Assets to reduce memory usage. Loaded Objects now: 2831.
Total: 16.244800 ms (FindLiveObjects: 2.938700 ms CreateObjectMapping: 1.454700 ms MarkObjects: 11.461100 ms  DeleteObjects: 0.385500 ms)

AssetImportParameters requested are different than current active one (requested -> active):
  custom:framework-win-MediaFoundation: 216162199b28c13a410421893ffa2e32 -> 
  custom:video-decoder-ogg-theora: a1e56fd34408186e4bbccfd4996cb3dc -> 
  custom:container-muxer-webm: aa71ff27fc2769a1b78a27578f13a17b -> 
  custom:container-demuxer-webm: 4f35f7cbe854078d1ac9338744f61a02 -> 
  custom:container-demuxer-ogg: 62fdf1f143b41e24485cea50d1cbac27 -> 
  custom:video-encoder-webm-vp8: eb34c28f22e8b96e1ab97ce403110664 -> 
  custom:video-codec-MediaFoundation-h265: 746d11721c4dcdbdad8f713fa42b33f4 -> 
  custom:video-decoder-webm-vp8: 9c59270c3fd7afecdb556c50c9e8de78 -> 
  custom:audio-decoder-ogg-vorbis: bf7c407c2cedff20999df2af8eb42d56 -> 
  custom:audio-encoder-webm-vorbis: bf7c407c2cedff20999df2af8eb42d56 -> 
========================================================================
Received Prepare
Registering precompiled user dll's ...
Registered in 0.012701 seconds.
Begin MonoManager ReloadAssembly
Native extension for WindowsStandalone target not found
Refreshing native plugins compatible for Editor in 1.59 ms, found 3 plugins.
Preloading 0 native plugins for Editor in 0.00 ms.
Mono: successfully reloaded assembly
- Completed reload, in  2.774 seconds
Platform modules already initialized, skipping
Refreshing native plugins compatible for Editor in 1.15 ms, found 3 plugins.
Preloading 0 native plugins for Editor in 0.00 ms.
Unloading 2228 Unused Serialized files (Serialized files now loaded: 0)
System memory in use before: 107.5 MB.
System memory in use after: 107.5 MB.

Unloading 24 unused Assets to reduce memory usage. Loaded Objects now: 2835.
Total: 13.116800 ms (FindLiveObjects: 0.877100 ms CreateObjectMapping: 0.400000 ms MarkObjects: 11.375400 ms  DeleteObjects: 0.460800 ms)

AssetImportParameters requested are different than current active one (requested -> active):
  custom:framework-win-MediaFoundation: 216162199b28c13a410421893ffa2e32 -> 
  custom:video-decoder-ogg-theora: a1e56fd34408186e4bbccfd4996cb3dc -> 
  custom:container-muxer-webm: aa71ff27fc2769a1b78a27578f13a17b -> 
  custom:container-demuxer-webm: 4f35f7cbe854078d1ac9338744f61a02 -> 
  custom:container-demuxer-ogg: 62fdf1f143b41e24485cea50d1cbac27 -> 
  custom:video-encoder-webm-vp8: eb34c28f22e8b96e1ab97ce403110664 -> 
  custom:video-codec-MediaFoundation-h265: 746d11721c4dcdbdad8f713fa42b33f4 -> 
  custom:video-decoder-webm-vp8: 9c59270c3fd7afecdb556c50c9e8de78 -> 
  custom:audio-decoder-ogg-vorbis: bf7c407c2cedff20999df2af8eb42d56 -> 
  custom:audio-encoder-webm-vorbis: bf7c407c2cedff20999df2af8eb42d56 -> 
========================================================================
Received Prepare
Registering precompiled user dll's ...
Registered in 0.040570 seconds.
Begin MonoManager ReloadAssembly
Native extension for WindowsStandalone target not found
Refreshing native plugins compatible for Editor in 2.88 ms, found 3 plugins.
Preloading 0 native plugins for Editor in 0.00 ms.
Mono: successfully reloaded assembly
- Completed reload, in  5.487 seconds
Platform modules already initialized, skipping
Refreshing native plugins compatible for Editor in 3.45 ms, found 3 plugins.
Preloading 0 native plugins for Editor in 0.00 ms.
Unloading 2228 Unused Serialized files (Serialized files now loaded: 0)
System memory in use before: 107.4 MB.
System memory in use after: 107.5 MB.

Unloading 24 unused Assets to reduce memory usage. Loaded Objects now: 2839.
Total: 15.906200 ms (FindLiveObjects: 1.572500 ms CreateObjectMapping: 0.796700 ms MarkObjects: 12.332800 ms  DeleteObjects: 1.199400 ms)

AssetImportParameters requested are different than current active one (requested -> active):
  custom:framework-win-MediaFoundation: 216162199b28c13a410421893ffa2e32 -> 
  custom:video-decoder-ogg-theora: a1e56fd34408186e4bbccfd4996cb3dc -> 
  custom:container-muxer-webm: aa71ff27fc2769a1b78a27578f13a17b -> 
  custom:container-demuxer-webm: 4f35f7cbe854078d1ac9338744f61a02 -> 
  custom:container-demuxer-ogg: 62fdf1f143b41e24485cea50d1cbac27 -> 
  custom:video-encoder-webm-vp8: eb34c28f22e8b96e1ab97ce403110664 -> 
  custom:video-codec-MediaFoundation-h265: 746d11721c4dcdbdad8f713fa42b33f4 -> 
  custom:video-decoder-webm-vp8: 9c59270c3fd7afecdb556c50c9e8de78 -> 
  custom:audio-decoder-ogg-vorbis: bf7c407c2cedff20999df2af8eb42d56 -> 
  custom:audio-encoder-webm-vorbis: bf7c407c2cedff20999df2af8eb42d56 -> 
========================================================================
Received Prepare
Registering precompiled user dll's ...
Registered in 0.060005 seconds.
Begin MonoManager ReloadAssembly
Native extension for WindowsStandalone target not found
Refreshing native plugins compatible for Editor in 1.73 ms, found 3 plugins.
Preloading 0 native plugins for Editor in 0.00 ms.
Mono: successfully reloaded assembly
- Completed reload, in 17.398 seconds
Platform modules already initialized, skipping
Refreshing native plugins compatible for Editor in 2.42 ms, found 3 plugins.
Preloading 0 native plugins for Editor in 0.00 ms.
Unloading 2228 Unused Serialized files (Serialized files now loaded: 0)
System memory in use before: 107.5 MB.
System memory in use after: 107.6 MB.

Unloading 24 unused Assets to reduce memory usage. Loaded Objects now: 2843.
Total: 9.189000 ms (FindLiveObjects: 0.751700 ms CreateObjectMapping: 0.298200 ms MarkObjects: 6.531200 ms  DeleteObjects: 1.603800 ms)

AssetImportParameters requested are different than current active one (requested -> active):
  custom:framework-win-MediaFoundation: 216162199b28c13a410421893ffa2e32 -> 
  custom:video-decoder-ogg-theora: a1e56fd34408186e4bbccfd4996cb3dc -> 
  custom:container-muxer-webm: aa71ff27fc2769a1b78a27578f13a17b -> 
  custom:container-demuxer-webm: 4f35f7cbe854078d1ac9338744f61a02 -> 
  custom:container-demuxer-ogg: 62fdf1f143b41e24485cea50d1cbac27 -> 
  custom:video-encoder-webm-vp8: eb34c28f22e8b96e1ab97ce403110664 -> 
  custom:video-codec-MediaFoundation-h265: 746d11721c4dcdbdad8f713fa42b33f4 -> 
  custom:video-decoder-webm-vp8: 9c59270c3fd7afecdb556c50c9e8de78 -> 
  custom:audio-decoder-ogg-vorbis: bf7c407c2cedff20999df2af8eb42d56 -> 
  custom:audio-encoder-webm-vorbis: bf7c407c2cedff20999df2af8eb42d56 -> 
========================================================================
Received Import Request.
  Time since last request: 2237.757498 seconds.
  path: Assets/Scenes/Battle.unity
  artifactKey: Guid(ee4eef9a2d1863f48b1931d1dcfbae12) Importer(815301076,1909f56bfc062723c751e8b465ee728b)
Start importing Assets/Scenes/Battle.unity using Guid(ee4eef9a2d1863f48b1931d1dcfbae12) Importer(815301076,1909f56bfc062723c751e8b465ee728b)  -> (artifact id: 'be2bf88e15cc6f83ed47bb4f72b2a398') in 0.064310 seconds 
  Import took 0.082679 seconds .

